DEBUG: 
[[E,D,R,O,O,M, ,─,─],
 [ , , , , , , , , ]]
DEBUG: 
[[╭,─,─,─,─,─,─,─,╮],
 [╰,─,─,─,─,─,─,─,╯]]
DEBUG: 
[[╭,─,─,B,╭,─,─,─,─,─,─,─,╮,─,─,─,─,─,─,─,─,─,─,─,─,─,─,─,─,─,─,╮],
 [│, , , ,╰,─,─,─,─,─,─,─,╯, , , , , , , ,|,|,|,|, , , , , , , ,│],
 [│, , , , , , , , , , , , , , , , , , , ,|,|,|,|, , , , , , , ,│],
 [│, , , , , , , , , , , , , , , , , , , , , ,─,┬,─,┬,─,┬,─,┬,─,│],
 [│, , , , , , , , , , , , , , , , , , , , , , , , , , , , , , ,│],
 [│, , , , , , , , , , , , , , , , , , , , , , , , , , , , , , ,│],
 [│,╭,│,╮, , , ,╶,─,╮, , , , , , , , , , , , , , , , , , , , , ,│],
 [│,│,│,│, , , , ,░,│, , , , , , , , , , , , , , , , , , , , , ,│],
 [│,╰,│,╯, , , ,╶,─,╯, , , , , , , , , , , ,╭,─,─,─,─,─,┬,─,╮, ,│],
 [│, , , , , , , , , , , , , , , , , , , , ,│,░,░,░,░,░,│,▓,│, ,│],
 [│, , , , , , , , , , , , , , , , , , , , ,╰,─,─,─,─,─,┴,─,╯, ,│],
 [╰,─,─,─,─,─,─,─,─,─,─,─,─,─,─,─,─,─,─,─,─,─,─,─,─,─,─,─,─,─,─,╯]]
DEBUG: 
[[╭,─, ,B,E,D,R,O,O,M, ,─,╮,─,─,─,─,─,─,─,─,─,─,─,─,─,─,─,─,─,─,╮],
 [│, , , ,╰,─,─,─,─,─,─,─,╯, , , , , , , ,|,|,|,|, , , , , , , ,│],
 [│, , , , , , , , , , , , , , , , , , , ,|,|,|,|, , , , , , , ,│],
 [│, , , , , , , , , , , , , , , , , , , , , ,─,┬,─,┬,─,┬,─,┬,─,│],
 [│, , , , , , , , , , , , , , , , , , , , , , , , , , , , , , ,│],
 [│, , , , , , , , , , , , , , , , , , , , , , , , , , , , , , ,│],
 [│,╭,│,╮, , , ,╶,─,╮, , , , , , , , , , , , , , , , , , , , , ,│],
 [│,│,│,│, , , , ,░,│, , , , , , , , , , , , , , , , , , , , , ,│],
 [│,╰,│,╯, , , ,╶,─,╯, , , , , , , , , , , ,╭,─,─,─,─,─,┬,─,╮, ,│],
 [│, , , , , , , , , , , , , , , , , , , , ,│,░,░,░,░,░,│,▓,│, ,│],
 [│, , , , , , , , , , , , , , , , , , , , ,╰,─,─,─,─,─,┴,─,╯, ,│],
 [╰,─,─,─,─,─,─,─,─,─,─,─,─,─,─,─,─,─,─,─,─,─,─,─,─,─,─,─,─,─,─,╯]]
DEBUG: 
[[╭,─, ,B,E,D,R,O,O,M, ,╶,┬,─,─,─,─,─,─,─,─,─,─,─,─,─,─,─,─,─,─,╮],
 [│, , , ,╰,─,─,─,─,─,─,─,╯, , , , , , , ,|,|,|,|, , , , , , , ,│],
 [│, , , , , , , , , , , , , , , , , , , ,|,|,|,|, , , , , , , ,│],
 [│, , , , , , , , , , , , , , , , , , , , , ,─,┬,─,┬,─,┬,─,┬,─,│],
 [│, , , , , , , , , , , , , , , , , , , , , , , , , , , , , , ,│],
 [│, , , , , , , , , , , , , , , , , , , , , , , , , , , , , , ,│],
 [│,╭,│,╮, , , ,╶,─,╮, , , , , , , , , , , , , , , , , , , , , ,│],
 [│,│,│,│, , , , ,░,│, , , , , , , , , , , , , , , , , , , , , ,│],
 [│,╰,│,╯, , , ,╶,─,╯, , , , , , , , , , , ,╭,─,─,─,─,─,┬,─,╮, ,│],
 [│, , , , , , , , , , , , , , , , , , , , ,│,░,░,░,░,░,│,▓,│, ,│],
 [│, , , , , , , , , , , , , , , , , , , , ,╰,─,─,─,─,─,┴,─,╯, ,│],
 [╰,─,─,─,─,─,─,─,─,─,─,─,─,─,─,─,─,─,─,─,─,─,─,─,─,─,─,─,─,─,─,╯]]
DEBUG: 
[[─,─,─,─],
 [ , , , ]]
DEBUG: 
[[╭,─,─,╮],
 [╰,─,─,╯]]
DEBUG: 
[[╭,─, ,B,E,D,R,O,O,M, ,╶,┬,─,─,─,─,─,─,─,─,─,─,─,─,─,─,─,─,─,─,╮],
 [│, , , ,╰,─,╭,─,─,╮,─,─,╯, , , , , , , ,|,|,|,|, , , , , , , ,│],
 [│, , , , , ,╰,─,─,╯, , , , , , , , , , ,|,|,|,|, , , , , , , ,│],
 [│, , , , , , , , , , , , , , , , , , , , , ,─,┬,─,┬,─,┬,─,┬,─,│],
 [│, , , , , , , , , , , , , , , , , , , , , , , , , , , , , , ,│],
 [│, , , , , , , , , , , , , , , , , , , , , , , , , , , , , , ,│],
 [│,╭,│,╮, , , ,╶,─,╮, , , , , , , , , , , , , , , , , , , , , ,│],
 [│,│,│,│, , , , ,░,│, , , , , , , , , , , , , , , , , , , , , ,│],
 [│,╰,│,╯, , , ,╶,─,╯, , , , , , , , , , , ,╭,─,─,─,─,─,┬,─,╮, ,│],
 [│, , , , , , , , , , , , , , , , , , , , ,│,░,░,░,░,░,│,▓,│, ,│],
 [│, , , , , , , , , , , , , , , , , , , , ,╰,─,─,─,─,─,┴,─,╯, ,│],
 [╰,─,─,─,─,─,─,─,─,─,─,─,─,─,─,─,─,─,─,─,─,─,─,─,─,─,─,─,─,─,─,╯]]
DEBUG: 
[[╭,─, ,B,E,D,R,O,O,M, ,╶,┬,─,─,─,─,─,─,─,─,─,─,─,─,─,─,─,─,─,─,╮],
 [│, , , ,╰,─,╭,─,─,╮,─,─,╯, , , , , , , ,|,|,|,|, , , , , , , ,│],
 [│, , , , , ,╰,─,─,╯, , , , , , , , , , ,|,|,|,|, , , , , , , ,│],
 [│, , , , , , , , , , , , , , , , , , , , , ,─,┬,─,┬,─,┬,─,┬,─,│],
 [│, , , , , , , , , , , , , , , , , , , , , , , , , , , , , , ,│],
 [│, , , , , , , , , , , , , , , , , , , , , , , , , , , , , , ,│],
 [│,╭,│,╮, , , ,╶,─,╮, , , , , , , , , , , , , , , , , , , , , ,│],
 [│,│,│,│, , , , ,░,│, , , , , , , , , , , , , , , , , , , , , ,│],
 [│,╰,│,╯, , , ,╶,─,╯, , , , , , , , , , , ,╭,─,─,─,─,─,┬,─,╮, ,│],
 [│, , , , , , , , , , , , , , , , , , , , ,│,░,░,░,░,░,│,▓,│, ,│],
 [│, , , , , , , , , , , , , , , , , , , , ,╰,─,─,─,─,─,┴,─,╯, ,│],
 [╰,─,─,─,─,─,─,─,─,─,─,─,─,─,─,─,─,─,─,─,─,─,─,─,─,─,─,─,─,─,─,╯]]
DEBUG: 
[[╭,─, ,B,E,D,R,O,O,M, ,╶,┬,─,─,─,─,─,─,─,─,─,─,─,─,─,─,─,─,─,─,╮],
 [│, , , ,╰,─,┬,─,─,┬,─,─,╯, , , , , , , ,|,|,|,|, , , , , , , ,│],
 [│, , , , , ,╰,─,─,╯, , , , , , , , , , ,|,|,|,|, , , , , , , ,│],
 [│, , , , , , , , , , , , , , , , , , , , , ,─,┬,─,┬,─,┬,─,┬,─,│],
 [│, , , , , , , , , , , , , , , , , , , , , , , , , , , , , , ,│],
 [│, , , , , , , , , , , , , , , , , , , , , , , , , , , , , , ,│],
 [│,╭,│,╮, , , ,╶,─,╮, , , , , , , , , , , , , , , , , , , , , ,│],
 [│,│,│,│, , , , ,░,│, , , , , , , , , , , , , , , , , , , , , ,│],
 [│,╰,│,╯, , , ,╶,─,╯, , , , , , , , , , , ,╭,─,─,─,─,─,┬,─,╮, ,│],
 [│, , , , , , , , , , , , , , , , , , , , ,│,░,░,░,░,░,│,▓,│, ,│],
 [│, , , , , , , , , , , , , , , , , , , , ,╰,─,─,─,─,─,┴,─,╯, ,│],
 [╰,─,─,─,─,─,─,─,─,─,─,─,─,─,─,─,─,─,─,─,─,─,─,─,─,─,─,─,─,─,─,╯]]
