Sun Mar 12 19:50:29 2023    binary.txt

         48355 function calls (47714 primitive calls) in 0.038 seconds

   Ordered by: internal time

   ncalls  tottime  percall  cumtime  percall filename:lineno(function)
      193    0.005    0.000    0.005    0.000 {built-in method nt.stat}
       36    0.002    0.000    0.002    0.000 {built-in method marshal.loads}
      387    0.002    0.000    0.003    0.000 <frozen importlib._bootstrap_external>:96(_path_join)
        1    0.002    0.002    0.002    0.002 {built-in method _imp.create_dynamic}
      141    0.001    0.000    0.006    0.000 {built-in method builtins.__build_class__}
       36    0.001    0.000    0.001    0.000 {built-in method io.open_code}
       36    0.001    0.000    0.001    0.000 {method 'read' of '_io.BufferedReader' objects}
        1    0.001    0.001    0.001    0.001 {built-in method builtins.print}
       48    0.001    0.000    0.001    0.000 <frozen importlib._bootstrap>:100(acquire)
     39/7    0.001    0.000    0.002    0.000 C:\Users\jacob\AppData\Local\Programs\Python\Python311\Lib\re\_parser.py:507(_parse)
     2381    0.001    0.000    0.001    0.000 C:\Users\jacob\Downloads\Programing\Python\PyBattle\Now\GitHub\Pybattle\pybattle\window\grid\coord.py:24(__init__)
      990    0.001    0.000    0.001    0.000 C:\Users\jacob\Downloads\Programing\Python\PyBattle\Now\GitHub\Pybattle\pybattle\window\grid\coord.py:68(__lt__)
       74    0.001    0.000    0.008    0.000 <frozen importlib._bootstrap_external>:1604(find_spec)
       42    0.001    0.000    0.005    0.000 C:\Users\jacob\Downloads\Programing\Python\PyBattle\Now\GitHub\Pybattle\pybattle\window\grid\matrix.py:105(add_color)
       23    0.000    0.000    0.001    0.000 C:\Users\jacob\AppData\Local\Programs\Python\Python311\Lib\re\_compiler.py:241(_optimize_charset)
        9    0.000    0.000    0.000    0.000 {built-in method nt.listdir}
     1564    0.000    0.000    0.001    0.000 C:\Users\jacob\Downloads\Programing\Python\PyBattle\Now\GitHub\Pybattle\pybattle\window\grid\matrix.py:163(__getitem__)
      671    0.000    0.000    0.001    0.000 C:\Users\jacob\Downloads\Programing\Python\PyBattle\Now\GitHub\Pybattle\pybattle\window\grid\coord.py:64(__eq__)
     5893    0.000    0.000    0.000    0.000 {built-in method builtins.isinstance}
       48    0.000    0.000    0.001    0.000 <frozen importlib._bootstrap>:179(_get_module_lock)
     3327    0.000    0.000    0.000    0.000 C:\Users\jacob\Downloads\Programing\Python\PyBattle\Now\GitHub\Pybattle\pybattle\window\grid\coord.py:35(coords)
     76/7    0.000    0.000    0.001    0.000 C:\Users\jacob\AppData\Local\Programs\Python\Python311\Lib\re\_compiler.py:37(_compile)
     2381    0.000    0.000    0.000    0.000 C:\Users\jacob\Downloads\Programing\Python\PyBattle\Now\GitHub\Pybattle\pybattle\window\grid\coord.py:39(coords)
     1816    0.000    0.000    0.001    0.000 C:\Users\jacob\Downloads\Programing\Python\PyBattle\Now\GitHub\Pybattle\pybattle\window\grid\coord.py:47(_convert)
       45    0.000    0.000    0.009    0.000 <frozen importlib._bootstrap>:1056(_find_spec)
       36    0.000    0.000    0.000    0.000 {method '__exit__' of '_io._IOBase' objects}
       36    0.000    0.000    0.006    0.000 <frozen importlib._bootstrap_external>:1007(get_code)
     45/1    0.000    0.000    0.030    0.030 <frozen importlib._bootstrap>:1167(_find_and_load)
     29/7    0.000    0.000    0.002    0.000 C:\Users\jacob\AppData\Local\Programs\Python\Python311\Lib\re\_parser.py:447(_parse_sub)
      387    0.000    0.000    0.000    0.000 <frozen importlib._bootstrap_external>:119(<listcomp>)
2749/2666    0.000    0.000    0.000    0.000 {built-in method builtins.len}
       72    0.000    0.000    0.001    0.000 <frozen importlib._bootstrap_external>:437(cache_from_source)
      462    0.000    0.000    0.000    0.000 {built-in method builtins.getattr}
     1208    0.000    0.000    0.000    0.000 {method 'startswith' of 'str' objects}
      612    0.000    0.000    0.000    0.000 C:\Users\jacob\Downloads\Programing\Python\PyBattle\Now\GitHub\Pybattle\pybattle\window\grid\matrix.py:14(__new__)
      565    0.000    0.000    0.000    0.000 C:\Users\jacob\AppData\Local\Programs\Python\Python311\Lib\re\_parser.py:231(__next)
     1463    0.000    0.000    0.000    0.000 {method 'endswith' of 'str' objects}
     38/1    0.000    0.000    0.039    0.039 {built-in method builtins.exec}
        4    0.000    0.000    0.000    0.000 {built-in method builtins.eval}
      166    0.000    0.000    0.000    0.000 C:\Users\jacob\Downloads\Programing\Python\PyBattle\Now\GitHub\Pybattle\pybattle\window\grid\matrix.py:51(<listcomp>)
      433    0.000    0.000    0.000    0.000 C:\Users\jacob\AppData\Local\Programs\Python\Python311\Lib\re\_parser.py:162(__getitem__)
    94/25    0.000    0.000    0.000    0.000 C:\Users\jacob\AppData\Local\Programs\Python\Python311\Lib\re\_parser.py:172(getwidth)
     1504    0.000    0.000    0.000    0.000 {method 'append' of 'list' objects}
     1434    0.000    0.000    0.002    0.000 C:\Users\jacob\Downloads\Programing\Python\PyBattle\Now\GitHub\Pybattle\pybattle\window\grid\range.py:19(__iter__)
       39    0.000    0.000    0.000    0.000 {built-in method _ctypes.POINTER}
     45/1    0.000    0.000    0.029    0.029 <frozen importlib._bootstrap>:1122(_find_and_load_unlocked)
       44    0.000    0.000    0.001    0.000 <frozen importlib._bootstrap>:493(_init_module_attrs)
       40    0.000    0.000    0.008    0.000 <frozen importlib._bootstrap_external>:1464(_get_spec)
     44/4    0.000    0.000    0.028    0.007 <frozen importlib._bootstrap>:666(_load_unlocked)
        1    0.000    0.000    0.001    0.001 C:\Users\jacob\Downloads\Programing\Python\PyBattle\Now\GitHub\Pybattle\pybattle\window\grid\matrix.py:264(<listcomp>)
       42    0.000    0.000    0.003    0.000 C:\Users\jacob\Downloads\Programing\Python\PyBattle\Now\GitHub\Pybattle\pybattle\window\grid\matrix.py:82(next_color)
        4    0.000    0.000    0.000    0.000 C:\Users\jacob\AppData\Local\Programs\Python\Python311\Lib\collections\__init__.py:348(namedtuple)
       42    0.000    0.000    0.001    0.000 {method 'sort' of 'list' objects}
      469    0.000    0.000    0.000    0.000 C:\Users\jacob\AppData\Local\Programs\Python\Python311\Lib\re\_parser.py:252(get)
      211    0.000    0.000    0.000    0.000 C:\Users\jacob\Downloads\Programing\Python\PyBattle\Now\GitHub\Pybattle\pybattle\ansi\ansi.py:56(__escape_args)
     1233    0.000    0.000    0.000    0.000 {method 'rstrip' of 'str' objects}
      102    0.000    0.000    0.000    0.000 C:\Users\jacob\Downloads\Programing\Python\PyBattle\Now\GitHub\Pybattle\pybattle\window\grid\size.py:26(__init__)
     57/1    0.000    0.000    0.000    0.000 C:\Users\jacob\Downloads\Programing\Python\PyBattle\Now\GitHub\Pybattle\pybattle\window\frames\conjunctions.py:275(check_table)
      211    0.000    0.000    0.000    0.000 C:\Users\jacob\Downloads\Programing\Python\PyBattle\Now\GitHub\Pybattle\pybattle\ansi\ansi.py:63(code)
        1    0.000    0.000    0.000    0.000 {built-in method io.open}
      129    0.000    0.000    0.000    0.000 C:\Users\jacob\Downloads\Programing\Python\PyBattle\Now\GitHub\Pybattle\pybattle\window\grid\coord.py:60(__sub__)
       36    0.000    0.000    0.002    0.000 <frozen importlib._bootstrap_external>:1127(get_data)
      681    0.000    0.000    0.000    0.000 {method 'join' of 'str' objects}
      391    0.000    0.000    0.000    0.000 <frozen importlib._bootstrap>:244(_verbose_message)
       37    0.000    0.000    0.000    0.000 <frozen importlib._bootstrap_external>:778(spec_from_file_location)
       13    0.000    0.000    0.000    0.000 C:\Users\jacob\Downloads\Programing\Python\PyBattle\Now\GitHub\Pybattle\pybattle\window\grid\matrix.py:34(<listcomp>)
       72    0.000    0.000    0.000    0.000 <frozen importlib._bootstrap_external>:132(_path_split)
      193    0.000    0.000    0.005    0.000 <frozen importlib._bootstrap_external>:140(_path_stat)
       92    0.000    0.000    0.000    0.000 {built-in method _thread.allocate_lock}
      612    0.000    0.000    0.000    0.000 C:\Users\jacob\Downloads\Programing\Python\PyBattle\Now\GitHub\Pybattle\pybattle\window\grid\matrix.py:19(__init__)
     36/4    0.000    0.000    0.028    0.007 <frozen importlib._bootstrap_external>:934(exec_module)
      168    0.000    0.000    0.000    0.000 {built-in method builtins.max}
       48    0.000    0.000    0.000    0.000 <frozen importlib._bootstrap>:125(release)
        9    0.000    0.000    0.001    0.000 <frozen importlib._bootstrap_external>:1655(_fill_cache)
        1    0.000    0.000    0.004    0.004 C:\Users\jacob\AppData\Local\Programs\Python\Python311\Lib\ctypes\__init__.py:1(<module>)
        2    0.000    0.000    0.000    0.000 C:\Users\jacob\Downloads\Programing\Python\PyBattle\Now\GitHub\Pybattle\pybattle\window\grid\matrix.py:188(__setitem__)
       46    0.000    0.000    0.000    0.000 <frozen importlib._bootstrap_external>:172(_path_isabs)
      120    0.000    0.000    0.000    0.000 C:\Users\jacob\AppData\Local\Programs\Python\Python311\Lib\typing.py:1280(__setattr__)
        1    0.000    0.000    0.001    0.001 C:\Users\jacob\AppData\Local\Programs\Python\Python311\Lib\urllib\parse.py:1(<module>)
       36    0.000    0.000    0.002    0.000 <frozen importlib._bootstrap_external>:727(_compile_bytecode)
       52    0.000    0.000    0.000    0.000 C:\Users\jacob\Downloads\Programing\Python\PyBattle\Now\GitHub\Pybattle\pybattle\window\grid\range.py:20(<listcomp>)
       35    0.000    0.000    0.000    0.000 C:\Users\jacob\AppData\Local\Programs\Python\Python311\Lib\typing.py:168(_type_check)
  266/261    0.000    0.000    0.000    0.000 {built-in method __new__ of type object at 0x00007FF8348C8F90}
       44    0.000    0.000    0.003    0.000 <frozen importlib._bootstrap>:566(module_from_spec)
       42    0.000    0.000    0.001    0.000 C:\Users\jacob\Downloads\Programing\Python\PyBattle\Now\GitHub\Pybattle\pybattle\window\grid\range.py:48(array_coords)
        6    0.000    0.000    0.000    0.000 {built-in method builtins.compile}
       42    0.000    0.000    0.001    0.000 C:\Users\jacob\Downloads\Programing\Python\PyBattle\Now\GitHub\Pybattle\pybattle\window\grid\range.py:50(<listcomp>)
        7    0.000    0.000    0.004    0.001 C:\Users\jacob\AppData\Local\Programs\Python\Python311\Lib\re\__init__.py:272(_compile)
       74    0.000    0.000    0.002    0.000 <frozen importlib._bootstrap_external>:150(_path_is_mode_type)
        1    0.000    0.000    0.000    0.000 C:\Users\jacob\AppData\Local\Programs\Python\Python311\Lib\site-packages\colorama\win32.py:118(GetConsoleScreenBufferInfo)
      108    0.000    0.000    0.000    0.000 <frozen importlib._bootstrap_external>:84(_unpack_uint32)
       61    0.000    0.000    0.000    0.000 C:\Users\jacob\Downloads\Programing\Python\PyBattle\Now\GitHub\Pybattle\pybattle\window\grid\matrix.py:216(<listcomp>)
      416    0.000    0.000    0.000    0.000 {built-in method builtins.hasattr}
      216    0.000    0.000    0.000    0.000 <frozen importlib._bootstrap_external>:134(<genexpr>)
       36    0.000    0.000    0.000    0.000 <frozen importlib._bootstrap_external>:642(_classify_pyc)
      154    0.000    0.000    0.000    0.000 C:\Users\jacob\Downloads\Programing\Python\PyBattle\Now\GitHub\Pybattle\pybattle\window\grid\range.py:7(__init__)
       13    0.000    0.000    0.000    0.000 C:\Users\jacob\Downloads\Programing\Python\PyBattle\Now\GitHub\Pybattle\pybattle\window\grid\matrix.py:59(<listcomp>)
       87    0.000    0.000    0.001    0.000 <frozen importlib._bootstrap_external>:1421(_path_importer_cache)
       37    0.000    0.000    0.000    0.000 <frozen importlib._bootstrap_external>:1599(_get_spec)
        1    0.000    0.000    0.005    0.005 C:\Users\jacob\AppData\Local\Programs\Python\Python311\Lib\logging\__init__.py:1(<module>)
       23    0.000    0.000    0.000    0.000 C:\Users\jacob\AppData\Local\Programs\Python\Python311\Lib\copy.py:66(copy)
      171    0.000    0.000    0.000    0.000 <frozen importlib._bootstrap>:1032(__exit__)
      211    0.000    0.000    0.000    0.000 C:\Users\jacob\Downloads\Programing\Python\PyBattle\Now\GitHub\Pybattle\pybattle\ansi\colors.py:21(__str__)
        3    0.000    0.000    0.001    0.000 C:\Users\jacob\Downloads\Programing\Python\PyBattle\Now\GitHub\Pybattle\pybattle\window\frames\frame.py:65(_create_frame)
     97/3    0.000    0.000    0.029    0.010 <frozen importlib._bootstrap>:233(_call_with_frames_removed)
       16    0.000    0.000    0.000    0.000 C:\Users\jacob\AppData\Local\Programs\Python\Python311\Lib\typing.py:1336(__init__)
        2    0.000    0.000    0.001    0.000 C:\Users\jacob\Downloads\Programing\Python\PyBattle\Now\GitHub\Pybattle\pybattle\window\frames\frame.py:199(add_frame)
      224    0.000    0.000    0.000    0.000 C:\Users\jacob\AppData\Local\Programs\Python\Python311\Lib\re\_parser.py:247(match)
      211    0.000    0.000    0.000    0.000 C:\Users\jacob\Downloads\Programing\Python\PyBattle\Now\GitHub\Pybattle\pybattle\ansi\ansi.py:36(__escape_code)
        7    0.000    0.000    0.001    0.000 C:\Users\jacob\AppData\Local\Programs\Python\Python311\Lib\re\_compiler.py:571(_code)
      265    0.000    0.000    0.000    0.000 {method 'rpartition' of 'str' objects}
       45    0.000    0.000    0.001    0.000 <frozen importlib._bootstrap>:169(__enter__)
      166    0.000    0.000    0.000    0.000 C:\Users\jacob\Downloads\Programing\Python\PyBattle\Now\GitHub\Pybattle\pybattle\window\grid\matrix.py:51(<lambda>)
       45    0.000    0.000    0.000    0.000 <frozen importlib._bootstrap>:198(cb)
       45    0.000    0.000    0.000    0.000 C:\Users\jacob\AppData\Local\Programs\Python\Python311\Lib\site-packages\_distutils_hack\__init__.py:89(find_spec)
      210    0.000    0.000    0.000    0.000 {built-in method builtins.repr}
       37    0.000    0.000    0.001    0.000 <frozen importlib._bootstrap_external>:567(_get_cached)
      381    0.000    0.000    0.000    0.000 {method 'get' of 'dict' objects}
        7    0.000    0.000    0.000    0.000 C:\Users\jacob\AppData\Local\Programs\Python\Python311\Lib\re\_compiler.py:509(_compile_info)
       61    0.000    0.000    0.000    0.000 C:\Users\jacob\Downloads\Programing\Python\PyBattle\Now\GitHub\Pybattle\pybattle\window\grid\matrix.py:214(width)
       45    0.000    0.000    0.000    0.000 <frozen importlib._bootstrap>:71(__init__)
       74    0.000    0.000    0.000    0.000 <frozen importlib._bootstrap_external>:67(_relax_case)
      171    0.000    0.000    0.000    0.000 <frozen importlib._bootstrap>:1028(__enter__)
      166    0.000    0.000    0.000    0.000 C:\Users\jacob\AppData\Local\Programs\Python\Python311\Lib\re\_parser.py:158(__len__)
      122    0.000    0.000    0.000    0.000 C:\Users\jacob\AppData\Local\Programs\Python\Python311\Lib\typing.py:1229(_is_dunder)
        5    0.000    0.000    0.000    0.000 C:\Users\jacob\AppData\Local\Programs\Python\Python311\Lib\enum.py:233(__set_name__)
        7    0.000    0.000    0.003    0.000 C:\Users\jacob\AppData\Local\Programs\Python\Python311\Lib\re\_compiler.py:738(compile)
       16    0.000    0.000    0.001    0.000 C:\Users\jacob\Downloads\Programing\Python\PyBattle\Now\GitHub\Pybattle\pybattle\window\grid\matrix.py:50(__init__)
       36    0.000    0.000    0.000    0.000 <frozen importlib._bootstrap_external>:675(_validate_timestamp_pyc)
      101    0.000    0.000    0.000    0.000 C:\Users\jacob\AppData\Local\Programs\Python\Python311\Lib\re\_parser.py:284(tell)
       46    0.000    0.000    0.000    0.000 {built-in method nt._path_splitroot}
       26    0.000    0.000    0.000    0.000 C:\Users\jacob\Downloads\Programing\Python\PyBattle\Now\GitHub\Pybattle\pybattle\window\grid\coord.py:56(__add__)
       73    0.000    0.000    0.001    0.000 <frozen importlib._bootstrap>:392(cached)
      210    0.000    0.000    0.000    0.000 C:\Users\jacob\Downloads\Programing\Python\PyBattle\Now\GitHub\Pybattle\pybattle\window\grid\matrix.py:30(__repr__)
       63    0.000    0.000    0.002    0.000 <frozen importlib._bootstrap_external>:159(_path_isfile)
        9    0.000    0.000    0.000    0.000 <frozen importlib._bootstrap_external>:1559(__init__)
       40    0.000    0.000    0.009    0.000 <frozen importlib._bootstrap_external>:1496(find_spec)
      145    0.000    0.000    0.000    0.000 {method 'rfind' of 'str' objects}
        4    0.000    0.000    0.000    0.000 {built-in method _imp.create_builtin}
        7    0.000    0.000    0.002    0.000 C:\Users\jacob\AppData\Local\Programs\Python\Python311\Lib\re\_parser.py:970(parse)
       36    0.000    0.000    0.000    0.000 <frozen importlib._bootstrap_external>:599(_check_name_wrapper)
        3    0.000    0.000    0.000    0.000 C:\Users\jacob\AppData\Local\Programs\Python\Python311\Lib\site-packages\colorama\ansi.py:26(__init__)
       19    0.000    0.000    0.000    0.000 C:\Users\jacob\Downloads\Programing\Python\PyBattle\Now\GitHub\Pybattle\pybattle\window\grid\matrix.py:220(<listcomp>)
        9    0.000    0.000    0.000    0.000 C:\Users\jacob\AppData\Local\Programs\Python\Python311\Lib\typing.py:652(Union)
      174    0.000    0.000    0.000    0.000 {built-in method builtins.min}
        6    0.000    0.000    0.000    0.000 C:\Users\jacob\AppData\Local\Programs\Python\Python311\Lib\re\_compiler.py:386(<listcomp>)
        9    0.000    0.000    0.001    0.000 <frozen importlib._bootstrap_external>:1408(_path_hooks)
       36    0.000    0.000    0.001    0.000 <frozen importlib._bootstrap_external>:1146(path_stats)
       90    0.000    0.000    0.000    0.000 C:\Users\jacob\AppData\Local\Programs\Python\Python311\Lib\re\_parser.py:170(append)
       23    0.000    0.000    0.000    0.000 C:\Users\jacob\AppData\Local\Programs\Python\Python311\Lib\re\_compiler.py:214(_compile_charset)
       60    0.000    0.000    0.000    0.000 {method 'format' of 'str' objects}
        1    0.000    0.000    0.000    0.000 C:\Users\jacob\AppData\Local\Programs\Python\Python311\Lib\threading.py:1(<module>)
      160    0.000    0.000    0.000    0.000 C:\Users\jacob\Downloads\Programing\Python\PyBattle\Now\GitHub\Pybattle\pybattle\window\frames\frame.py:114(<genexpr>)
       41    0.000    0.000    0.000    0.000 <frozen importlib._bootstrap>:922(find_spec)
       42    0.000    0.000    0.000    0.000 C:\Users\jacob\Downloads\Programing\Python\PyBattle\Now\GitHub\Pybattle\pybattle\window\grid\matrix.py:88(<listcomp>)
       19    0.000    0.000    0.000    0.000 C:\Users\jacob\Downloads\Programing\Python\PyBattle\Now\GitHub\Pybattle\pybattle\window\grid\matrix.py:206(cols)
        1    0.000    0.000    0.039    0.039 main.py:1(<module>)
       23    0.000    0.000    0.000    0.000 C:\Users\jacob\AppData\Local\Programs\Python\Python311\Lib\copy.py:259(_reconstruct)
       24    0.000    0.000    0.000    0.000 C:\Users\jacob\AppData\Local\Programs\Python\Python311\Lib\re\_parser.py:367(_escape)
        1    0.000    0.000    0.000    0.000 C:\Users\jacob\AppData\Local\Programs\Python\Python311\Lib\ctypes\__init__.py:321(CDLL)
       19    0.000    0.000    0.000    0.000 C:\Users\jacob\Downloads\Programing\Python\PyBattle\Now\GitHub\Pybattle\pybattle\window\grid\matrix.py:208(<listcomp>)
       39    0.000    0.000    0.000    0.000 <frozen importlib._bootstrap>:48(_new_module)
        9    0.000    0.000    0.000    0.000 <frozen zipimport>:64(__init__)
        1    0.000    0.000    0.003    0.003 C:\Users\jacob\AppData\Local\Programs\Python\Python311\Lib\pathlib.py:1(<module>)
        1    0.000    0.000    0.005    0.005 C:\Users\jacob\AppData\Local\Programs\Python\Python311\Lib\site-packages\colorama\win32.py:1(<module>)
       37    0.000    0.000    0.000    0.000 C:\Users\jacob\Downloads\Programing\Python\PyBattle\Now\GitHub\Pybattle\pybattle\window\frames\conjunctions.py:244(get_conjunction)
        1    0.000    0.000    0.000    0.000 C:\Users\jacob\AppData\Local\Programs\Python\Python311\Lib\ctypes\wintypes.py:143(WIN32_FIND_DATAA)
        1    0.000    0.000    0.000    0.000 C:\Users\jacob\AppData\Local\Programs\Python\Python311\Lib\enum.py:466(__new__)
       23    0.000    0.000    0.000    0.000 {method 'index' of 'list' objects}
       47    0.000    0.000    0.000    0.000 <frozen importlib._bootstrap>:357(__init__)
       33    0.000    0.000    0.000    0.000 C:\Users\jacob\AppData\Local\Programs\Python\Python311\Lib\re\_compiler.py:396(_simple)
        3    0.000    0.000    0.000    0.000 {built-in method builtins.dir}
    23/20    0.000    0.000    0.001    0.000 C:\Users\jacob\AppData\Local\Programs\Python\Python311\Lib\typing.py:357(inner)
      160    0.000    0.000    0.000    0.000 C:\Users\jacob\Downloads\Programing\Python\PyBattle\Now\GitHub\Pybattle\pybattle\window\grid\matrix.py:139(__iter__)
       14    0.000    0.000    0.000    0.000 C:\Users\jacob\AppData\Local\Programs\Python\Python311\Lib\enum.py:1483(__and__)
        9    0.000    0.000    0.000    0.000 C:\Users\jacob\AppData\Local\Programs\Python\Python311\Lib\enum.py:352(__setitem__)
        1    0.000    0.000    0.000    0.000 C:\Users\jacob\AppData\Local\Programs\Python\Python311\Lib\traceback.py:1(<module>)
      107    0.000    0.000    0.000    0.000 {built-in method builtins.setattr}
      264    0.000    0.000    0.000    0.000 {built-in method _imp.release_lock}
       44    0.000    0.000    0.000    0.000 {method 'extend' of 'list' objects}
      264    0.000    0.000    0.000    0.000 {built-in method _imp.acquire_lock}
       80    0.000    0.000    0.000    0.000 C:\Users\jacob\AppData\Local\Programs\Python\Python311\Lib\re\_parser.py:109(__init__)
       16    0.000    0.000    0.000    0.000 C:\Users\jacob\Downloads\Programing\Python\PyBattle\Now\GitHub\Pybattle\pybattle\window\grid\matrix.py:74(level_out)
       45    0.000    0.000    0.000    0.000 <frozen importlib._bootstrap>:173(__exit__)
       16    0.000    0.000    0.000    0.000 C:\Users\jacob\Downloads\Programing\Python\PyBattle\Now\GitHub\Pybattle\pybattle\window\grid\matrix.py:77(<listcomp>)
       19    0.000    0.000    0.000    0.000 {built-in method _imp.is_builtin}
       42    0.000    0.000    0.000    0.000 C:\Users\jacob\Downloads\Programing\Python\PyBattle\Now\GitHub\Pybattle\pybattle\window\grid\range.py:39(__init__)
       19    0.000    0.000    0.000    0.000 C:\Users\jacob\Downloads\Programing\Python\PyBattle\Now\GitHub\Pybattle\pybattle\window\grid\matrix.py:210(size)
       18    0.000    0.000    0.000    0.000 C:\Users\jacob\AppData\Local\Programs\Python\Python311\Lib\re\_parser.py:82(opengroup)
       45    0.000    0.000    0.000    0.000 <frozen importlib._bootstrap>:748(find_spec)
        1    0.000    0.000    0.000    0.000 C:\Users\jacob\AppData\Local\Programs\Python\Python311\Lib\ctypes\wintypes.py:1(<module>)
        1    0.000    0.000    0.001    0.001 <frozen posixpath>:1(<module>)
       52    0.000    0.000    0.000    0.000 <frozen importlib._bootstrap>:405(parent)
       22    0.000    0.000    0.000    0.000 C:\Users\jacob\AppData\Local\Programs\Python\Python311\Lib\typing.py:2532(overload)
      211    0.000    0.000    0.000    0.000 C:\Users\jacob\Downloads\Programing\Python\PyBattle\Now\GitHub\Pybattle\pybattle\ansi\ansi.py:61(<listcomp>)
        4    0.000    0.000    0.000    0.000 {built-in method _imp.exec_builtin}
        1    0.000    0.000    0.000    0.000 C:\Users\jacob\Downloads\Programing\Python\PyBattle\Now\GitHub\Pybattle\pybattle\window\frames\conjunctions.py:1(<module>)
        9    0.000    0.000    0.000    0.000 <frozen importlib._bootstrap_external>:1696(path_hook_for_FileFinder)
        1    0.000    0.000    0.027    0.027 C:\Users\jacob\Downloads\Programing\Python\PyBattle\Now\GitHub\Pybattle\pybattle\window\frames\frame.py:1(<module>)
       19    0.000    0.000    0.005    0.000 C:\Users\jacob\Downloads\Programing\Python\PyBattle\Now\GitHub\Pybattle\pybattle\window\grid\matrix.py:110(add_colors)
       20    0.000    0.000    0.000    0.000 C:\Users\jacob\Downloads\Programing\Python\PyBattle\Now\GitHub\Pybattle\pybattle\window\frames\border_type.py:45(vertical_cell)
      108    0.000    0.000    0.000    0.000 {built-in method from_bytes}
       14    0.000    0.000    0.000    0.000 C:\Users\jacob\AppData\Local\Programs\Python\Python311\Lib\ctypes\__init__.py:144(_check_size)
       35    0.000    0.000    0.000    0.000 C:\Users\jacob\AppData\Local\Programs\Python\Python311\Lib\typing.py:159(_type_convert)
        1    0.000    0.000    0.000    0.000 C:\Users\jacob\AppData\Local\Programs\Python\Python311\Lib\ctypes\wintypes.py:155(WIN32_FIND_DATAW)
        9    0.000    0.000    0.000    0.000 C:\Users\jacob\AppData\Local\Programs\Python\Python311\Lib\typing.py:320(_remove_dups_flatten)
       10    0.000    0.000    0.000    0.000 C:\Users\jacob\AppData\Local\Programs\Python\Python311\Lib\ctypes\__init__.py:393(__getitem__)
       15    0.000    0.000    0.000    0.000 C:\Users\jacob\AppData\Local\Programs\Python\Python311\Lib\enum.py:669(__call__)
       63    0.000    0.000    0.000    0.000 {method 'replace' of 'str' objects}
        1    0.000    0.000    0.000    0.000 C:\Users\jacob\Downloads\Programing\Python\PyBattle\Now\GitHub\Pybattle\pybattle\debug\log.py:8(Logger)
        5    0.000    0.000    0.000    0.000 C:\Users\jacob\AppData\Local\Programs\Python\Python311\Lib\typing.py:1530(__getitem__)
       16    0.000    0.000    0.000    0.000 C:\Users\jacob\AppData\Local\Programs\Python\Python311\Lib\typing.py:245(_collect_parameters)
        2    0.000    0.000    0.000    0.000 C:\Users\jacob\Downloads\Programing\Python\PyBattle\Now\GitHub\Pybattle\pybattle\window\frames\frame.py:183(border_coords)
        1    0.000    0.000    0.008    0.008 C:\Users\jacob\AppData\Local\Programs\Python\Python311\Lib\site-packages\colorama\ansitowin32.py:1(<module>)
       11    0.000    0.000    0.000    0.000 C:\Users\jacob\AppData\Local\Programs\Python\Python311\Lib\typing.py:306(_deduplicate)
        1    0.000    0.000    0.000    0.000 C:\Users\jacob\AppData\Local\Programs\Python\Python311\Lib\ctypes\_endian.py:1(<module>)
        1    0.000    0.000    0.002    0.002 C:\Users\jacob\Downloads\Programing\Python\PyBattle\Now\GitHub\Pybattle\pybattle\window\grid\matrix.py:1(<module>)
        6    0.000    0.000    0.000    0.000 C:\Users\jacob\AppData\Local\Programs\Python\Python311\Lib\re\_compiler.py:384(_mk_bitmap)
       71    0.000    0.000    0.000    0.000 {method 'find' of 'bytearray' objects}
       15    0.000    0.000    0.000    0.000 C:\Users\jacob\AppData\Local\Programs\Python\Python311\Lib\re\_parser.py:444(_uniq)
       16    0.000    0.000    0.000    0.000 C:\Users\jacob\AppData\Local\Programs\Python\Python311\Lib\typing.py:1241(__init__)
       14    0.000    0.000    0.000    0.000 C:\Users\jacob\Downloads\Programing\Python\PyBattle\Now\GitHub\Pybattle\pybattle\window\grid\range.py:28(<listcomp>)
        9    0.000    0.000    0.000    0.000 <frozen importlib._bootstrap_external>:1684(<setcomp>)
        1    0.000    0.000    0.000    0.000 C:\Users\jacob\Downloads\Programing\Python\PyBattle\Now\GitHub\Pybattle\pybattle\window\grid\matrix.py:37(Matrix)
        5    0.000    0.000    0.000    0.000 C:\Users\jacob\AppData\Local\Programs\Python\Python311\Lib\functools.py:35(update_wrapper)
       15    0.000    0.000    0.000    0.000 C:\Users\jacob\AppData\Local\Programs\Python\Python311\Lib\enum.py:1074(__new__)
       14    0.000    0.000    0.000    0.000 {built-in method nt.getcwd}
       36    0.000    0.000    0.000    0.000 {built-in method _imp._fix_co_filename}
        3    0.000    0.000    0.006    0.002 C:\Users\jacob\Downloads\Programing\Python\PyBattle\Now\GitHub\Pybattle\pybattle\window\frames\frame.py:125(_color_frame)
      113    0.000    0.000    0.000    0.000 {built-in method nt.fspath}
       18    0.000    0.000    0.000    0.000 C:\Users\jacob\AppData\Local\Programs\Python\Python311\Lib\re\_parser.py:94(closegroup)
       23    0.000    0.000    0.000    0.000 {method '__reduce_ex__' of 'object' objects}
       41    0.000    0.000    0.000    0.000 {built-in method _imp.find_frozen}
       98    0.000    0.000    0.000    0.000 {method '__exit__' of '_thread.lock' objects}
       19    0.000    0.000    0.000    0.000 C:\Users\jacob\Downloads\Programing\Python\PyBattle\Now\GitHub\Pybattle\pybattle\window\grid\matrix.py:218(height)
        1    0.000    0.000    0.000    0.000 C:\Users\jacob\Downloads\Programing\Python\PyBattle\Now\GitHub\Pybattle\pybattle\ansi\colors.py:28(Colors)
      122    0.000    0.000    0.000    0.000 C:\Users\jacob\Downloads\Programing\Python\PyBattle\Now\GitHub\Pybattle\pybattle\window\grid\matrix.py:202(rows)
       50    0.000    0.000    0.000    0.000 C:\Users\jacob\AppData\Local\Programs\Python\Python311\Lib\re\_parser.py:79(groups)
       97    0.000    0.000    0.000    0.000 {built-in method _thread.get_ident}
       19    0.000    0.000    0.000    0.000 {built-in method builtins.locals}
        1    0.000    0.000    0.000    0.000 C:\Users\jacob\Downloads\Programing\Python\PyBattle\Now\GitHub\Pybattle\pybattle\window\frames\frame.py:13(Frame)
      9/6    0.000    0.000    0.009    0.002 {built-in method builtins.__import__}
        1    0.000    0.000    0.009    0.009 C:\Users\jacob\AppData\Local\Programs\Python\Python311\Lib\site-packages\colorama\initialise.py:1(<module>)
       32    0.000    0.000    0.000    0.000 C:\Users\jacob\AppData\Local\Programs\Python\Python311\Lib\typing.py:684(<genexpr>)
       80    0.000    0.000    0.000    0.000 {method 'add' of 'set' objects}
       10    0.000    0.000    0.000    0.000 C:\Users\jacob\Downloads\Programing\Python\PyBattle\Now\GitHub\Pybattle\pybattle\window\grid\matrix.py:71(<lambda>)
       10    0.000    0.000    0.000    0.000 C:\Users\jacob\Downloads\Programing\Python\PyBattle\Now\GitHub\Pybattle\pybattle\window\grid\range.py:26(array_coords)
        1    0.000    0.000    0.011    0.011 C:\Users\jacob\Downloads\Programing\Python\PyBattle\Now\GitHub\Pybattle\pybattle\debug\log.py:1(<module>)
      9/5    0.000    0.000    0.006    0.001 <frozen importlib._bootstrap>:1209(_handle_fromlist)
      7/6    0.000    0.000    0.000    0.000 C:\Users\jacob\AppData\Local\Programs\Python\Python311\Lib\re\_compiler.py:434(_get_literal_prefix)
       45    0.000    0.000    0.000    0.000 <frozen importlib._bootstrap>:165(__init__)
        1    0.000    0.000    0.000    0.000 C:\Users\jacob\AppData\Local\Programs\Python\Python311\Lib\enum.py:451(__prepare__)
       15    0.000    0.000    0.000    0.000 {built-in method fromkeys}
        7    0.000    0.000    0.000    0.000 C:\Users\jacob\AppData\Local\Programs\Python\Python311\Lib\re\_parser.py:222(__init__)
        2    0.000    0.000    0.000    0.000 C:\Users\jacob\AppData\Local\Programs\Python\Python311\Lib\typing.py:701(Literal)
       52    0.000    0.000    0.000    0.000 {method 'pop' of 'dict' objects}
       51    0.000    0.000    0.000    0.000 C:\Users\jacob\AppData\Local\Programs\Python\Python311\Lib\typing.py:882(__eq__)
        1    0.000    0.000    0.000    0.000 C:\Users\jacob\Downloads\Programing\Python\PyBattle\Now\GitHub\Pybattle\pybattle\window\grid\coord.py:6(Coord)
       72    0.000    0.000    0.000    0.000 <frozen importlib._bootstrap_external>:1565(<genexpr>)
       38    0.000    0.000    0.000    0.000 C:\Users\jacob\AppData\Local\Programs\Python\Python311\Lib\site-packages\colorama\ansi.py:12(code_to_chars)
        1    0.000    0.000    0.000    0.000 C:\Users\jacob\AppData\Local\Programs\Python\Python311\Lib\pathlib.py:455(PurePath)
        3    0.000    0.000    0.006    0.002 C:\Users\jacob\Downloads\Programing\Python\PyBattle\Now\GitHub\Pybattle\pybattle\window\frames\frame.py:141(_construct_frame)
        1    0.000    0.000    0.006    0.006 C:\Users\jacob\AppData\Local\Programs\Python\Python311\Lib\site-packages\colorama\winterm.py:1(<module>)
        7    0.000    0.000    0.004    0.001 C:\Users\jacob\AppData\Local\Programs\Python\Python311\Lib\re\__init__.py:225(compile)
       20    0.000    0.000    0.000    0.000 C:\Users\jacob\Downloads\Programing\Python\PyBattle\Now\GitHub\Pybattle\pybattle\window\frames\frame.py:53(inner_size)
     12/9    0.000    0.000    0.000    0.000 C:\Users\jacob\AppData\Local\Programs\Python\Python311\Lib\typing.py:477(__getitem__)
       36    0.000    0.000    0.000    0.000 <frozen importlib._bootstrap_external>:1097(__init__)
       13    0.000    0.000    0.000    0.000 C:\Users\jacob\Downloads\Programing\Python\PyBattle\Now\GitHub\Pybattle\pybattle\window\grid\matrix.py:33(__mul__)
        1    0.000    0.000    0.000    0.000 C:\Users\jacob\Downloads\Programing\Python\PyBattle\Now\GitHub\Pybattle\pybattle\types_.py:1(<module>)
       59    0.000    0.000    0.000    0.000 C:\Users\jacob\AppData\Local\Programs\Python\Python311\Lib\typing.py:1341(<genexpr>)
        9    0.000    0.000    0.000    0.000 <frozen importlib._bootstrap_external>:1293(_get_parent_path)
        5    0.000    0.000    0.000    0.000 <frozen importlib._bootstrap>:422(spec_from_loader)
        7    0.000    0.000    0.000    0.000 {built-in method _sre.compile}
       10    0.000    0.000    0.000    0.000 C:\Users\jacob\AppData\Local\Programs\Python\Python311\Lib\ctypes\__init__.py:386(__getattr__)
        3    0.000    0.000    0.000    0.000 C:\Users\jacob\AppData\Local\Programs\Python\Python311\Lib\ctypes\__init__.py:342(__init__)
        1    0.000    0.000    0.001    0.001 C:\Users\jacob\AppData\Local\Programs\Python\Python311\Lib\string.py:69(__init_subclass__)
       95    0.000    0.000    0.000    0.000 {method 'lower' of 'str' objects}
       34    0.000    0.000    0.000    0.000 C:\Users\jacob\AppData\Local\Programs\Python\Python311\Lib\re\_parser.py:166(__setitem__)
        3    0.000    0.000    0.007    0.002 C:\Users\jacob\Downloads\Programing\Python\PyBattle\Now\GitHub\Pybattle\pybattle\window\frames\frame.py:16(__init__)
       23    0.000    0.000    0.000    0.000 C:\Users\jacob\AppData\Local\Programs\Python\Python311\Lib\copyreg.py:104(__newobj__)
        1    0.000    0.000    0.000    0.000 C:\Users\jacob\AppData\Local\Programs\Python\Python311\Lib\pathlib.py:128(<setcomp>)
        4    0.000    0.000    0.000    0.000 C:\Users\jacob\AppData\Local\Programs\Python\Python311\Lib\re\_parser.py:265(getuntil)
       26    0.000    0.000    0.000    0.000 {method 'pop' of 'list' objects}
        6    0.000    0.000    0.000    0.000 C:\Users\jacob\AppData\Local\Programs\Python\Python311\Lib\typing.py:832(__init__)
        1    0.000    0.000    0.000    0.000 C:\Users\jacob\Downloads\Programing\Python\PyBattle\Now\GitHub\Pybattle\pybattle\window\grid\size.py:7(Size)
        1    0.000    0.000    0.000    0.000 C:\Users\jacob\AppData\Local\Programs\Python\Python311\Lib\threading.py:1402(__init__)
        3    0.000    0.000    0.000    0.000 C:\Users\jacob\Downloads\Programing\Python\PyBattle\Now\GitHub\Pybattle\pybattle\window\frames\frame.py:131(<listcomp>)
        1    0.000    0.000    0.000    0.000 C:\Users\jacob\AppData\Local\Programs\Python\Python311\Lib\site-packages\colorama\ansi.py:1(<module>)
        1    0.000    0.000    0.000    0.000 C:\Users\jacob\AppData\Local\Programs\Python\Python311\Lib\pathlib.py:112(_WindowsFlavour)
       57    0.000    0.000    0.000    0.000 {method 'partition' of 'str' objects}
        2    0.000    0.000    0.000    0.000 C:\Users\jacob\AppData\Local\Programs\Python\Python311\Lib\re\_compiler.py:389(_bytes_to_codes)
        1    0.000    0.000    0.010    0.010 C:\Users\jacob\Downloads\Programing\Python\PyBattle\Now\GitHub\Pybattle\pybattle\ansi\colors.py:1(<module>)
       29    0.000    0.000    0.000    0.000 {method 'update' of 'dict' objects}
        1    0.000    0.000    0.001    0.001 C:\Users\jacob\AppData\Local\Programs\Python\Python311\Lib\string.py:1(<module>)
        1    0.000    0.000    0.001    0.001 C:\Users\jacob\Downloads\Programing\Python\PyBattle\Now\GitHub\Pybattle\pybattle\window\frames\border_type.py:1(<module>)
        1    0.000    0.000    0.001    0.001 C:\Users\jacob\AppData\Local\Programs\Python\Python311\Lib\fnmatch.py:1(<module>)
        5    0.000    0.000    0.000    0.000 C:\Users\jacob\AppData\Local\Programs\Python\Python311\Lib\logging\__init__.py:228(_acquireLock)
       92    0.000    0.000    0.000    0.000 {built-in method builtins.ord}
        5    0.000    0.000    0.000    0.000 C:\Users\jacob\AppData\Local\Programs\Python\Python311\Lib\typing.py:1539(copy_with)
        3    0.000    0.000    0.000    0.000 C:\Users\jacob\AppData\Local\Programs\Python\Python311\Lib\typing.py:692(Optional)
       14    0.000    0.000    0.000    0.000 C:\Users\jacob\AppData\Local\Programs\Python\Python311\Lib\typing.py:1535(<genexpr>)
        1    0.000    0.000    0.000    0.000 C:\Users\jacob\AppData\Local\Programs\Python\Python311\Lib\pathlib.py:857(Path)
       26    0.000    0.000    0.000    0.000 C:\Users\jacob\Downloads\Programing\Python\PyBattle\Now\GitHub\Pybattle\pybattle\window\frames\frame.py:37(width)
        1    0.000    0.000    0.009    0.009 C:\Users\jacob\AppData\Local\Programs\Python\Python311\Lib\site-packages\colorama\__init__.py:1(<module>)
        1    0.000    0.000    0.000    0.000 C:\Users\jacob\AppData\Local\Programs\Python\Python311\Lib\pathlib.py:56(parse_parts)
       11    0.000    0.000    0.000    0.000 <frozen importlib._bootstrap_external>:164(_path_isdir)
        6    0.000    0.000    0.000    0.000 C:\Users\jacob\AppData\Local\Programs\Python\Python311\Lib\typing.py:1673(__hash__)
        2    0.000    0.000    0.000    0.000 C:\Users\jacob\AppData\Local\Programs\Python\Python311\Lib\logging\__init__.py:882(__init__)
       36    0.000    0.000    0.000    0.000 C:\Users\jacob\AppData\Local\Programs\Python\Python311\Lib\typing.py:1662(<genexpr>)
        2    0.000    0.000    0.000    0.000 {method 'search' of 're.Pattern' objects}
        6    0.000    0.000    0.000    0.000 {method 'translate' of 'bytearray' objects}
        1    0.000    0.000    0.000    0.000 C:\Users\jacob\AppData\Local\Programs\Python\Python311\Lib\logging\__init__.py:1156(__init__)
        4    0.000    0.000    0.000    0.000 C:\Users\jacob\AppData\Local\Programs\Python\Python311\Lib\threading.py:90(RLock)
        1    0.000    0.000    0.000    0.000 C:\Users\jacob\AppData\Local\Programs\Python\Python311\Lib\enum.py:1357(_missing_)
       22    0.000    0.000    0.000    0.000 C:\Users\jacob\AppData\Local\Programs\Python\Python311\Lib\re\_compiler.py:31(_combine_flags)
        1    0.000    0.000    0.000    0.000 C:\Users\jacob\Downloads\Programing\Python\PyBattle\Now\GitHub\Pybattle\pybattle\window\frames\border_type.py:61(Borders)
        2    0.000    0.000    0.000    0.000 C:\Users\jacob\AppData\Local\Programs\Python\Python311\Lib\enum.py:959(_find_data_type_)
        1    0.000    0.000    0.000    0.000 C:\Users\jacob\AppData\Local\Programs\Python\Python311\Lib\site-packages\colorama\winterm.py:30(__init__)
        3    0.000    0.000    0.000    0.000 C:\Users\jacob\Downloads\Programing\Python\PyBattle\Now\GitHub\Pybattle\pybattle\window\frames\frame.py:129(<listcomp>)
        1    0.000    0.000    0.000    0.000 C:\Users\jacob\Downloads\Programing\Python\PyBattle\Now\GitHub\Pybattle\pybattle\window\grid\range.py:1(<module>)
        7    0.000    0.000    0.000    0.000 <frozen importlib._bootstrap_external>:1311(__iter__)
        9    0.000    0.000    0.000    0.000 <frozen importlib._bootstrap_external>:1283(_find_parent_path_names)
        1    0.000    0.000    0.000    0.000 C:\Users\jacob\AppData\Local\Programs\Python\Python311\Lib\__future__.py:1(<module>)
        1    0.000    0.000    0.000    0.000 C:\Users\jacob\AppData\Local\Programs\Python\Python311\Lib\threading.py:838(Thread)
       10    0.000    0.000    0.000    0.000 C:\Users\jacob\Downloads\Programing\Python\PyBattle\Now\GitHub\Pybattle\pybattle\window\frames\frame.py:45(inner_height)
        1    0.000    0.000    0.001    0.001 C:\Users\jacob\Downloads\Programing\Python\PyBattle\Now\GitHub\Pybattle\pybattle\window\grid\coord.py:1(<module>)
        1    0.000    0.000    0.000    0.000 C:\Users\jacob\AppData\Local\Programs\Python\Python311\Lib\threading.py:849(__init__)
       18    0.000    0.000    0.000    0.000 {built-in method _struct.calcsize}
        7    0.000    0.000    0.000    0.000 <frozen importlib._bootstrap_external>:1297(_recalculate)
        9    0.000    0.000    0.000    0.000 C:\Users\jacob\AppData\Local\Programs\Python\Python311\Lib\enum.py:728(__delattr__)
        1    0.000    0.000    0.000    0.000 C:\Users\jacob\AppData\Local\Programs\Python\Python311\Lib\weakref.py:104(__init__)
       18    0.000    0.000    0.000    0.000 C:\Users\jacob\AppData\Local\Programs\Python\Python311\Lib\typing.py:891(__hash__)
        6    0.000    0.000    0.000    0.000 C:\Users\jacob\AppData\Local\Programs\Python\Python311\Lib\enum.py:809(__setattr__)
        1    0.000    0.000    0.000    0.000 C:\Users\jacob\AppData\Local\Programs\Python\Python311\Lib\site-packages\colorama\ansitowin32.py:16(StreamWrapper)
       11    0.000    0.000    0.000    0.000 C:\Users\jacob\AppData\Local\Programs\Python\Python311\Lib\enum.py:47(_is_dunder)
       16    0.000    0.000    0.000    0.000 C:\Users\jacob\Downloads\Programing\Python\PyBattle\Now\GitHub\Pybattle\pybattle\window\frames\frame.py:41(height)
        2    0.000    0.000    0.000    0.000 C:\Users\jacob\AppData\Local\Programs\Python\Python311\Lib\logging\__init__.py:576(__init__)
       44    0.000    0.000    0.000    0.000 <frozen importlib._bootstrap>:413(has_location)
        2    0.000    0.000    0.000    0.000 C:\Users\jacob\Downloads\Programing\Python\PyBattle\Now\GitHub\Pybattle\pybattle\window\frames\frame.py:163(right_edges)
        1    0.000    0.000    0.000    0.000 C:\Users\jacob\AppData\Local\Programs\Python\Python311\Lib\pathlib.py:484(_parse_args)
        1    0.000    0.000    0.000    0.000 C:\Users\jacob\AppData\Local\Programs\Python\Python311\Lib\struct.py:1(<module>)
       14    0.000    0.000    0.000    0.000 C:\Users\jacob\AppData\Local\Programs\Python\Python311\Lib\re\_compiler.py:568(isstring)
        1    0.000    0.000    0.000    0.000 C:\Users\jacob\AppData\Local\Programs\Python\Python311\Lib\logging\__init__.py:1803(LoggerAdapter)
        2    0.000    0.000    0.000    0.000 C:\Users\jacob\AppData\Local\Programs\Python\Python311\Lib\enum.py:923(_get_mixins_)
        1    0.000    0.000    0.000    0.000 C:\Users\jacob\Downloads\Programing\Python\PyBattle\Now\GitHub\Pybattle\pybattle\window\grid\size.py:1(<module>)
        4    0.000    0.000    0.000    0.000 C:\Users\jacob\AppData\Local\Programs\Python\Python311\Lib\functools.py:479(lru_cache)
        7    0.000    0.000    0.000    0.000 C:\Users\jacob\AppData\Local\Programs\Python\Python311\Lib\re\_parser.py:954(fix_flags)
        3    0.000    0.000    0.000    0.000 C:\Users\jacob\AppData\Local\Programs\Python\Python311\Lib\functools.py:518(decorating_function)
        1    0.000    0.000    0.001    0.001 C:\Users\jacob\AppData\Local\Programs\Python\Python311\Lib\site-packages\colorama\ansitowin32.py:72(AnsiToWin32)
        4    0.000    0.000    0.000    0.000 <frozen importlib._bootstrap>:254(_requires_builtin_wrapper)
        1    0.000    0.000    0.000    0.000 C:\Users\jacob\AppData\Local\Programs\Python\Python311\Lib\traceback.py:372(StackSummary)
        1    0.000    0.000    0.001    0.001 C:\Users\jacob\Downloads\Programing\Python\PyBattle\Now\GitHub\Pybattle\pybattle\window\grid\matrix.py:263(__str__)
        3    0.000    0.000    0.000    0.000 C:\Users\jacob\Downloads\Programing\Python\PyBattle\Now\GitHub\Pybattle\pybattle\window\frames\border_type.py:41(horizontal_cell)
        3    0.000    0.000    0.000    0.000 C:\Users\jacob\AppData\Local\Programs\Python\Python311\Lib\enum.py:913(_check_for_existing_members_)
       36    0.000    0.000    0.000    0.000 <frozen importlib._bootstrap_external>:1122(get_filename)
        7    0.000    0.000    0.000    0.000 C:\Users\jacob\AppData\Local\Programs\Python\Python311\Lib\re\_parser.py:73(__init__)
        1    0.000    0.000    0.000    0.000 C:\Users\jacob\AppData\Local\Programs\Python\Python311\Lib\logging\__init__.py:1327(getLogger)
       41    0.000    0.000    0.000    0.000 {built-in method builtins.issubclass}
        9    0.000    0.000    0.000    0.000 C:\Users\jacob\AppData\Local\Programs\Python\Python311\Lib\enum.py:78(_is_private)
        3    0.000    0.000    0.000    0.000 C:\Users\jacob\Downloads\Programing\Python\PyBattle\Now\GitHub\Pybattle\pybattle\window\frames\frame.py:130(<listcomp>)
        4    0.000    0.000    0.000    0.000 C:\Users\jacob\AppData\Local\Programs\Python\Python311\Lib\re\_compiler.py:465(_get_charset_prefix)
        1    0.000    0.000    0.000    0.000 C:\Users\jacob\AppData\Local\Programs\Python\Python311\Lib\ctypes\__init__.py:439(LibraryLoader)
        1    0.000    0.000    0.000    0.000 C:\Users\jacob\AppData\Local\Programs\Python\Python311\Lib\logging\__init__.py:1303(Manager)
        1    0.000    0.000    0.000    0.000 {built-in method _abc._abc_init}
       36    0.000    0.000    0.000    0.000 {built-in method _sre.unicode_iscased}
        1    0.000    0.000    0.000    0.000 C:\Users\jacob\AppData\Local\Programs\Python\Python311\Lib\logging\__init__.py:1432(Logger)
        3    0.000    0.000    0.000    0.000 C:\Users\jacob\Downloads\Programing\Python\PyBattle\Now\GitHub\Pybattle\pybattle\window\grid\matrix.py:72(<listcomp>)
       58    0.000    0.000    0.000    0.000 {method 'values' of 'dict' objects}
        2    0.000    0.000    0.000    0.000 {built-in method _ctypes.LoadLibrary}
       21    0.000    0.000    0.000    0.000 C:\Users\jacob\AppData\Local\Programs\Python\Python311\Lib\collections\__init__.py:422(<genexpr>)
        1    0.000    0.000    0.000    0.000 C:\Users\jacob\AppData\Local\Programs\Python\Python311\Lib\ctypes\__init__.py:264(_reset_cache)
       16    0.000    0.000    0.000    0.000 C:\Users\jacob\AppData\Local\Programs\Python\Python311\Lib\typing.py:1631(__eq__)
        2    0.000    0.000    0.000    0.000 C:\Users\jacob\AppData\Local\Programs\Python\Python311\Lib\ctypes\__init__.py:72(CFUNCTYPE)
        1    0.000    0.000    0.000    0.000 C:\Users\jacob\AppData\Local\Programs\Python\Python311\Lib\threading.py:1008(_set_tstate_lock)
        1    0.000    0.000    0.000    0.000 C:\Users\jacob\Downloads\Programing\Python\PyBattle\Now\GitHub\Pybattle\pybattle\ansi\colors.py:8(ColorType)
        9    0.000    0.000    0.000    0.000 C:\Users\jacob\AppData\Local\Programs\Python\Python311\Lib\enum.py:58(_is_sunder)
        1    0.000    0.000    0.000    0.000 C:\Users\jacob\AppData\Local\Programs\Python\Python311\Lib\enum.py:987(_find_new_)
        7    0.000    0.000    0.000    0.000 C:\Users\jacob\Downloads\Programing\Python\PyBattle\Now\GitHub\Pybattle\pybattle\window\frames\frame.py:49(inner_width)
        1    0.000    0.000    0.000    0.000 C:\Users\jacob\AppData\Local\Programs\Python\Python311\Lib\contextlib.py:257(contextmanager)
        1    0.000    0.000    0.000    0.000 C:\Users\jacob\Downloads\Programing\Python\PyBattle\Now\GitHub\Pybattle\pybattle\debug\errors.py:1(<module>)
       10    0.000    0.000    0.000    0.000 C:\Users\jacob\Downloads\Programing\Python\PyBattle\Now\GitHub\Pybattle\pybattle\window\frames\frame.py:61(irows)
        3    0.000    0.000    0.000    0.000 C:\Users\jacob\AppData\Local\Programs\Python\Python311\Lib\enum.py:753(__getattr__)
        1    0.000    0.000    0.000    0.000 C:\Users\jacob\AppData\Local\Programs\Python\Python311\Lib\logging\__init__.py:2081(getLogger)
        1    0.000    0.000    0.000    0.000 C:\Users\jacob\AppData\Local\Programs\Python\Python311\Lib\logging\__init__.py:1067(StreamHandler)
        4    0.000    0.000    0.000    0.000 <frozen importlib._bootstrap>:772(create_module)
       36    0.000    0.000    0.000    0.000 <frozen importlib._bootstrap_external>:931(create_module)
        9    0.000    0.000    0.000    0.000 {built-in method builtins.delattr}
       22    0.000    0.000    0.000    0.000 {built-in method sys.intern}
        2    0.000    0.000    0.000    0.000 C:\Users\jacob\Downloads\Programing\Python\PyBattle\Now\GitHub\Pybattle\pybattle\window\frames\frame.py:155(bottom_edges)
        2    0.000    0.000    0.000    0.000 C:\Users\jacob\AppData\Local\Programs\Python\Python311\Lib\logging\__init__.py:435(validate)
        2    0.000    0.000    0.000    0.000 C:\Users\jacob\AppData\Local\Programs\Python\Python311\Lib\logging\__init__.py:1447(__init__)
        1    0.000    0.000    0.000    0.000 C:\Users\jacob\AppData\Local\Programs\Python\Python311\Lib\threading.py:236(__init__)
        1    0.000    0.000    0.000    0.000 C:\Users\jacob\AppData\Local\Programs\Python\Python311\Lib\urllib\parse.py:143(_NetlocResultMixinBase)
        1    0.000    0.000    0.000    0.000 C:\Users\jacob\Downloads\Programing\Python\PyBattle\Now\GitHub\Pybattle\pybattle\window\grid\range.py:6(RectRange)
        4    0.000    0.000    0.000    0.000 C:\Users\jacob\Downloads\Programing\Python\PyBattle\Now\GitHub\Pybattle\pybattle\window\frames\frame.py:179(bottom_right_corner)
        2    0.000    0.000    0.000    0.000 C:\Users\jacob\AppData\Local\Programs\Python\Python311\Lib\logging\__init__.py:863(_addHandlerRef)
        2    0.000    0.000    0.000    0.000 C:\Users\jacob\AppData\Local\Programs\Python\Python311\Lib\typing.py:335(_flatten_literal_params)
       10    0.000    0.000    0.000    0.000 C:\Users\jacob\Downloads\Programing\Python\PyBattle\Now\GitHub\Pybattle\pybattle\window\frames\frame.py:57(icols)
       33    0.000    0.000    0.000    0.000 C:\Users\jacob\Downloads\Programing\Python\PyBattle\Now\GitHub\Pybattle\pybattle\window\grid\size.py:45(width)
        2    0.000    0.000    0.000    0.000 {method 'cast' of 'memoryview' objects}
       42    0.000    0.000    0.000    0.000 {built-in method _ctypes.sizeof}
        1    0.000    0.000    0.000    0.000 C:\Users\jacob\Downloads\Programing\Python\PyBattle\Now\GitHub\Pybattle\pybattle\ansi\ansi.py:1(<module>)
        2    0.000    0.000    0.000    0.000 C:\Users\jacob\AppData\Local\Programs\Python\Python311\Lib\ctypes\__init__.py:443(__getattr__)
        3    0.000    0.000    0.000    0.000 C:\Users\jacob\Downloads\Programing\Python\PyBattle\Now\GitHub\Pybattle\pybattle\window\frames\border_type.py:25(top_right_cell)
        1    0.000    0.000    0.000    0.000 C:\Users\jacob\AppData\Local\Programs\Python\Python311\Lib\logging\__init__.py:1415(_clear_cache)
        1    0.000    0.000    0.000    0.000 C:\Users\jacob\Downloads\Programing\Python\PyBattle\Now\GitHub\Pybattle\pybattle\debug\traceback.py:1(<module>)
       26    0.000    0.000    0.000    0.000 C:\Users\jacob\Downloads\Programing\Python\PyBattle\Now\GitHub\Pybattle\pybattle\window\grid\size.py:41(height)
        1    0.000    0.000    0.000    0.000 <frozen abc>:110(register)
        1    0.000    0.000    0.002    0.002 <frozen importlib._bootstrap_external>:1231(create_module)
       40    0.000    0.000    0.000    0.000 {built-in method _sre.unicode_tolower}
        2    0.000    0.000    0.000    0.000 <frozen importlib._bootstrap_external>:1276(__init__)
        3    0.000    0.000    0.000    0.000 C:\Users\jacob\AppData\Local\Programs\Python\Python311\Lib\enum.py:1337(_iter_member_by_value_)
        2    0.000    0.000    0.000    0.000 C:\Users\jacob\Downloads\Programing\Python\PyBattle\Now\GitHub\Pybattle\pybattle\window\frames\frame.py:159(left_edges)
        1    0.000    0.000    0.000    0.000 C:\Users\jacob\AppData\Local\Programs\Python\Python311\Lib\pathlib.py:536(__str__)
        2    0.000    0.000    0.000    0.000 C:\Users\jacob\AppData\Local\Programs\Python\Python311\Lib\re\_parser.py:894(_parse_flags)
        1    0.000    0.000    0.000    0.000 C:\Users\jacob\AppData\Local\Programs\Python\Python311\Lib\traceback.py:636(TracebackException)
        1    0.000    0.000    0.001    0.001 C:\Users\jacob\AppData\Local\Programs\Python\Python311\Lib\logging\__init__.py:454(StrFormatStyle)
       26    0.000    0.000    0.000    0.000 {built-in method builtins.hash}
        2    0.000    0.000    0.000    0.000 C:\Users\jacob\AppData\Local\Programs\Python\Python311\Lib\typing.py:1270(__getattr__)
        1    0.000    0.000    0.000    0.000 C:\Users\jacob\AppData\Local\Programs\Python\Python311\Lib\pathlib.py:504(_from_parts)
        5    0.000    0.000    0.000    0.000 C:\Users\jacob\Downloads\Programing\Python\PyBattle\Now\GitHub\Pybattle\pybattle\window\grid\coord.py:53(__iter__)
        2    0.000    0.000    0.000    0.000 C:\Users\jacob\AppData\Local\Programs\Python\Python311\Lib\typing.py:483(__getitem__)
        3    0.000    0.000    0.000    0.000 C:\Users\jacob\Downloads\Programing\Python\PyBattle\Now\GitHub\Pybattle\pybattle\window\grid\matrix.py:72(<lambda>)
        3    0.000    0.000    0.000    0.000 <frozen importlib._bootstrap>:216(_lock_unlock_module)
       21    0.000    0.000    0.000    0.000 {method '__contains__' of 'frozenset' objects}
       16    0.000    0.000    0.000    0.000 C:\Users\jacob\Downloads\Programing\Python\PyBattle\Now\GitHub\Pybattle\pybattle\ansi\colors.py:11(__init__)
        1    0.000    0.000    0.000    0.000 C:\Users\jacob\AppData\Local\Programs\Python\Python311\Lib\logging\__init__.py:873(Handler)
        1    0.000    0.000    0.000    0.000 {built-in method _abc._abc_subclasscheck}
       25    0.000    0.000    0.000    0.000 {method 'isidentifier' of 'str' objects}
        1    0.000    0.000    0.001    0.001 C:\Users\jacob\AppData\Local\Programs\Python\Python311\Lib\logging\__init__.py:421(PercentStyle)
        1    0.000    0.000    0.000    0.000 C:\Users\jacob\AppData\Local\Programs\Python\Python311\Lib\traceback.py:247(FrameSummary)
        3    0.000    0.000    0.000    0.000 C:\Users\jacob\Downloads\Programing\Python\PyBattle\Now\GitHub\Pybattle\pybattle\window\frames\border_type.py:29(top_left_cell)
        1    0.000    0.000    0.000    0.000 C:\Users\jacob\Downloads\Programing\Python\PyBattle\Now\GitHub\Pybattle\pybattle\ansi\ansi.py:4(CursorCode)
        2    0.000    0.000    0.000    0.000 C:\Users\jacob\AppData\Local\Programs\Python\Python311\Lib\logging\__init__.py:912(createLock)
        3    0.000    0.000    0.000    0.000 C:\Users\jacob\Downloads\Programing\Python\PyBattle\Now\GitHub\Pybattle\pybattle\window\frames\border_type.py:33(bottom_right_cell)
        3    0.000    0.000    0.000    0.000 C:\Users\jacob\Downloads\Programing\Python\PyBattle\Now\GitHub\Pybattle\pybattle\window\frames\border_type.py:37(bottom_left_cell)
        1    0.000    0.000    0.000    0.000 C:\Users\jacob\Downloads\Programing\Python\PyBattle\Now\GitHub\Pybattle\pybattle\window\grid\matrix.py:13(Cell)
        1    0.000    0.000    0.000    0.000 {built-in method builtins.sorted}
        2    0.000    0.000    0.000    0.000 C:\Users\jacob\AppData\Local\Programs\Python\Python311\Lib\re\_compiler.py:405(_generate_overlap_table)
        2    0.000    0.000    0.000    0.000 C:\Users\jacob\Downloads\Programing\Python\PyBattle\Now\GitHub\Pybattle\pybattle\window\frames\frame.py:151(top_edges)
        1    0.000    0.000    0.000    0.000 C:\Users\jacob\Downloads\Programing\Python\PyBattle\Now\GitHub\Pybattle\pybattle\ansi\ansi.py:13(AnsiEscSeq)
        1    0.000    0.000    0.000    0.000 C:\Users\jacob\AppData\Local\Programs\Python\Python311\Lib\threading.py:224(Condition)
        3    0.000    0.000    0.000    0.000 C:\Users\jacob\AppData\Local\Programs\Python\Python311\Lib\enum.py:188(__get__)
       11    0.000    0.000    0.000    0.000 C:\Users\jacob\AppData\Local\Programs\Python\Python311\Lib\re\_compiler.py:426(_get_iscased)
        3    0.000    0.000    0.000    0.000 C:\Users\jacob\Downloads\Programing\Python\PyBattle\Now\GitHub\Pybattle\pybattle\window\frames\border_type.py:57(_uniform)
       17    0.000    0.000    0.000    0.000 {method 'get' of 'mappingproxy' objects}
        8    0.000    0.000    0.000    0.000 C:\Users\jacob\AppData\Local\Programs\Python\Python311\Lib\typing.py:1661(_value_and_type_iter)
        1    0.000    0.000    0.000    0.000 <frozen abc>:105(__new__)
        2    0.000    0.000    0.000    0.000 C:\Users\jacob\AppData\Local\Programs\Python\Python311\Lib\typing.py:1636(__hash__)
        1    0.000    0.000    0.000    0.000 C:\Users\jacob\AppData\Local\Programs\Python\Python311\Lib\threading.py:583(set)
        1    0.000    0.000    0.000    0.000 C:\Users\jacob\AppData\Local\Programs\Python\Python311\Lib\logging\__init__.py:711(BufferingFormatter)
        1    0.000    0.000    0.000    0.000 C:\Users\jacob\AppData\Local\Programs\Python\Python311\Lib\threading.py:822(_maintain_shutdown_locks)
        1    0.000    0.000    0.000    0.000 <frozen ntpath>:577(abspath)
        1    0.000    0.000    0.000    0.000 <frozen ntpath>:51(normcase)
        9    0.000    0.000    0.000    0.000 C:\Users\jacob\AppData\Local\Programs\Python\Python311\Lib\enum.py:69(_is_internal_class)
        5    0.000    0.000    0.000    0.000 C:\Users\jacob\AppData\Local\Programs\Python\Python311\Lib\enum.py:37(_is_descriptor)
        3    0.000    0.000    0.000    0.000 C:\Users\jacob\AppData\Local\Programs\Python\Python311\Lib\enum.py:1347(_iter_member_by_def_)
        5    0.000    0.000    0.000    0.000 C:\Users\jacob\AppData\Local\Programs\Python\Python311\Lib\typing.py:266(_check_generic)
        5    0.000    0.000    0.000    0.000 C:\Users\jacob\AppData\Local\Programs\Python\Python311\Lib\logging\__init__.py:237(_releaseLock)
        1    0.000    0.000    0.000    0.000 C:\Users\jacob\AppData\Local\Programs\Python\Python311\Lib\threading.py:389(notify_all)
        1    0.000    0.000    0.000    0.000 C:\Users\jacob\AppData\Local\Programs\Python\Python311\Lib\threading.py:555(__init__)
        1    0.000    0.000    0.000    0.000 C:\Users\jacob\AppData\Local\Programs\Python\Python311\Lib\string.py:188(Formatter)
        1    0.000    0.000    0.000    0.000 {built-in method atexit.unregister}
        1    0.000    0.000    0.000    0.000 {built-in method time.time}
       16    0.000    0.000    0.000    0.000 C:\Users\jacob\Downloads\Programing\Python\PyBattle\Now\GitHub\Pybattle\pybattle\ansi\ansi.py:32(__init__)
        1    0.000    0.000    0.000    0.000 C:\Users\jacob\AppData\Local\Programs\Python\Python311\Lib\site-packages\colorama\winterm.py:45(set_attrs)
        1    0.000    0.000    0.000    0.000 C:\Users\jacob\AppData\Local\Programs\Python\Python311\Lib\threading.py:544(Event)
        1    0.000    0.000    0.000    0.000 C:\Users\jacob\AppData\Local\Programs\Python\Python311\Lib\pathlib.py:129(<setcomp>)
       10    0.000    0.000    0.000    0.000 C:\Users\jacob\AppData\Local\Programs\Python\Python311\Lib\__future__.py:83(__init__)
        1    0.000    0.000    0.000    0.000 C:\Users\jacob\AppData\Local\Programs\Python\Python311\Lib\logging\__init__.py:531(Formatter)
        1    0.000    0.000    0.000    0.000 C:\Users\jacob\AppData\Local\Programs\Python\Python311\Lib\pathlib.py:868(__new__)
        1    0.000    0.000    0.000    0.000 C:\Users\jacob\Downloads\Programing\Python\PyBattle\Now\GitHub\Pybattle\pybattle\window\grid\range.py:38(SelectionRange)
        4    0.000    0.000    0.000    0.000 <frozen importlib._bootstrap>:780(exec_module)
        5    0.000    0.000    0.000    0.000 {method 'setter' of 'property' objects}
       19    0.000    0.000    0.000    0.000 C:\Users\jacob\AppData\Local\Programs\Python\Python311\Lib\site-packages\_distutils_hack\__init__.py:96(<lambda>)
        1    0.000    0.000    0.000    0.000 C:\Users\jacob\AppData\Local\Programs\Python\Python311\Lib\enum.py:1420(<listcomp>)
        4    0.000    0.000    0.000    0.000 C:\Users\jacob\AppData\Local\Programs\Python\Python311\Lib\re\_parser.py:295(checkgroupname)
        1    0.000    0.000    0.000    0.000 C:\Users\jacob\AppData\Local\Programs\Python\Python311\Lib\site-packages\colorama\initialise.py:9(_wipe_internal_state_for_tests)
        1    0.000    0.000    0.000    0.000 C:\Users\jacob\AppData\Local\Programs\Python\Python311\Lib\site-packages\colorama\winterm.py:28(WinTerm)
        1    0.000    0.000    0.000    0.000 C:\Users\jacob\AppData\Local\Programs\Python\Python311\Lib\threading.py:637(Barrier)
        1    0.000    0.000    0.000    0.000 <frozen os>:1080(__subclasshook__)
       16    0.000    0.000    0.000    0.000 {method 'count' of 'list' objects}
        2    0.000    0.000    0.000    0.000 {method 'tolist' of 'memoryview' objects}
        6    0.000    0.000    0.000    0.000 C:\Users\jacob\AppData\Local\Programs\Python\Python311\Lib\logging\__init__.py:202(_checkLevel)
        1    0.000    0.000    0.000    0.000 C:\Users\jacob\AppData\Local\Programs\Python\Python311\Lib\string.py:57(Template)
        1    0.000    0.000    0.000    0.000 C:\Users\jacob\AppData\Local\Programs\Python\Python311\Lib\_weakrefset.py:37(__init__)
        1    0.000    0.000    0.000    0.000 C:\Users\jacob\AppData\Local\Programs\Python\Python311\Lib\weakref.py:289(update)
        9    0.000    0.000    0.000    0.000 C:\Users\jacob\AppData\Local\Programs\Python\Python311\Lib\typing.py:729(<genexpr>)
        1    0.000    0.000    0.000    0.000 C:\Users\jacob\AppData\Local\Programs\Python\Python311\Lib\logging\__init__.py:1460(setLevel)
        1    0.000    0.000    0.000    0.000 C:\Users\jacob\Downloads\Programing\Python\PyBattle\Now\GitHub\Pybattle\pybattle\window\frames\border_type.py:8(BorderType)
        1    0.000    0.000    0.000    0.000 C:\Users\jacob\AppData\Local\Programs\Python\Python311\Lib\pathlib.py:546(__fspath__)
        1    0.000    0.000    0.000    0.000 <frozen importlib._bootstrap>:897(_resolve_filename)
        1    0.000    0.000    0.000    0.000 C:\Users\jacob\AppData\Local\Programs\Python\Python311\Lib\enum.py:345(__init__)
        1    0.000    0.000    0.001    0.001 C:\Users\jacob\Downloads\Programing\Python\PyBattle\Now\GitHub\Pybattle\pybattle\window\frames\frame.py:196(__str__)
        1    0.000    0.000    0.000    0.000 C:\Users\jacob\AppData\Local\Programs\Python\Python311\Lib\pathlib.py:422(_PathParents)
        1    0.000    0.000    0.000    0.000 {built-in method nt._getfullpathname}
        1    0.000    0.000    0.000    0.000 C:\Users\jacob\AppData\Local\Programs\Python\Python311\Lib\copyreg.py:113(_slotnames)
        1    0.000    0.000    0.000    0.000 C:\Users\jacob\AppData\Local\Programs\Python\Python311\Lib\urllib\parse.py:353(_fix_result_transcoding)
        1    0.000    0.000    0.000    0.000 <frozen ntpath>:545(normpath)
        3    0.000    0.000    0.000    0.000 C:\Users\jacob\AppData\Local\Programs\Python\Python311\Lib\enum.py:116(_iter_bits_lsb)
        1    0.000    0.000    0.000    0.000 C:\Users\jacob\AppData\Local\Programs\Python\Python311\Lib\re\__init__.py:253(escape)
        1    0.000    0.000    0.000    0.000 C:\Users\jacob\AppData\Local\Programs\Python\Python311\Lib\enum.py:1473(__or__)
        2    0.000    0.000    0.000    0.000 C:\Users\jacob\Downloads\Programing\Python\PyBattle\Now\GitHub\Pybattle\pybattle\window\frames\frame.py:171(bottom_left_corner)
        3    0.000    0.000    0.000    0.000 C:\Users\jacob\AppData\Local\Programs\Python\Python311\Lib\ctypes\__init__.py:503(PYFUNCTYPE)
        1    0.000    0.000    0.000    0.000 C:\Users\jacob\AppData\Local\Programs\Python\Python311\Lib\logging\__init__.py:280(LogRecord)
        1    0.000    0.000    0.000    0.000 <frozen importlib._bootstrap_external>:1239(exec_module)
        1    0.000    0.000    0.000    0.000 {built-in method _winapi.LCMapStringEx}
        3    0.000    0.000    0.000    0.000 C:\Users\jacob\AppData\Local\Programs\Python\Python311\Lib\typing.py:456(__repr__)
        4    0.000    0.000    0.000    0.000 C:\Users\jacob\AppData\Local\Programs\Python\Python311\Lib\logging\__init__.py:795(__init__)
        1    0.000    0.000    0.000    0.000 C:\Users\jacob\AppData\Local\Programs\Python\Python311\Lib\threading.py:1421(_DummyThread)
       10    0.000    0.000    0.000    0.000 {method 'items' of 'dict' objects}
        1    0.000    0.000    0.000    0.000 {built-in method _imp.exec_dynamic}
        2    0.000    0.000    0.000    0.000 C:\Users\jacob\Downloads\Programing\Python\PyBattle\Now\GitHub\Pybattle\pybattle\window\frames\frame.py:175(top_right_corner)
        8    0.000    0.000    0.000    0.000 {method 'remove' of 'set' objects}
        1    0.000    0.000    0.000    0.000 C:\Users\jacob\AppData\Local\Programs\Python\Python311\Lib\site-packages\colorama\win32.py:23(CONSOLE_SCREEN_BUFFER_INFO)
        1    0.000    0.000    0.000    0.000 C:\Users\jacob\AppData\Local\Programs\Python\Python311\Lib\logging\__init__.py:1308(__init__)
        3    0.000    0.000    0.000    0.000 C:\Users\jacob\AppData\Local\Programs\Python\Python311\Lib\ctypes\__init__.py:370(_FuncPtr)
        1    0.000    0.000    0.000    0.000 C:\Users\jacob\AppData\Local\Programs\Python\Python311\Lib\threading.py:103(_RLock)
        1    0.000    0.000    0.000    0.000 C:\Users\jacob\AppData\Local\Programs\Python\Python311\Lib\logging\__init__.py:1243(__init__)
        1    0.000    0.000    0.000    0.000 C:\Users\jacob\AppData\Local\Programs\Python\Python311\Lib\pathlib.py:231(_PosixFlavour)
        3    0.000    0.000    0.000    0.000 C:\Users\jacob\Downloads\Programing\Python\PyBattle\Now\GitHub\Pybattle\pybattle\window\frames\border_type.py:9(__init__)
        1    0.000    0.000    0.000    0.000 {built-in method _abc._abc_register}
        3    0.000    0.000    0.000    0.000 {method 'split' of 'str' objects}
        1    0.000    0.000    0.000    0.000 C:\Users\jacob\AppData\Local\Programs\Python\Python311\Lib\functools.py:65(wraps)
        3    0.000    0.000    0.000    0.000 C:\Users\jacob\AppData\Local\Programs\Python\Python311\Lib\re\_parser.py:286(seek)
        2    0.000    0.000    0.000    0.000 C:\Users\jacob\AppData\Local\Programs\Python\Python311\Lib\typing.py:447(__getattr__)
        1    0.000    0.000    0.000    0.000 C:\Users\jacob\AppData\Local\Programs\Python\Python311\Lib\logging\__init__.py:1792(__init__)
        1    0.000    0.000    0.000    0.000 C:\Users\jacob\AppData\Local\Programs\Python\Python311\Lib\urllib\parse.py:786(__getattr__)
        5    0.000    0.000    0.000    0.000 {method 'acquire' of '_thread.RLock' objects}
        7    0.000    0.000    0.000    0.000 {method 'setdefault' of 'dict' objects}
       12    0.000    0.000    0.000    0.000 {built-in method builtins.iter}
        1    0.000    0.000    0.000    0.000 {built-in method _ctypes.byref}
        1    0.000    0.000    0.000    0.000 C:\Users\jacob\AppData\Local\Programs\Python\Python311\Lib\logging\__init__.py:1646(addHandler)
        2    0.000    0.000    0.000    0.000 C:\Users\jacob\AppData\Local\Programs\Python\Python311\Lib\logging\__init__.py:428(__init__)
        1    0.000    0.000    0.000    0.000 C:\Users\jacob\AppData\Local\Programs\Python\Python311\Lib\logging\__init__.py:1207(_open)
        1    0.000    0.000    0.001    0.001 <frozen importlib._bootstrap>:977(exec_module)
        1    0.000    0.000    0.000    0.000 <frozen _collections_abc>:78(_check_methods)
        1    0.000    0.000    0.000    0.000 {built-in method _thread._set_sentinel}
        1    0.000    0.000    0.000    0.000 C:\Users\jacob\AppData\Local\Programs\Python\Python311\Lib\logging\__init__.py:488(StringTemplateStyle)
        1    0.000    0.000    0.000    0.000 C:\Users\jacob\AppData\Local\Programs\Python\Python311\Lib\threading.py:359(notify)
        5    0.000    0.000    0.000    0.000 C:\Users\jacob\AppData\Local\Programs\Python\Python311\Lib\ctypes\__init__.py:440(__init__)
        1    0.000    0.000    0.000    0.000 C:\Users\jacob\Downloads\Programing\Python\PyBattle\Now\GitHub\Pybattle\pybattle\debug\traceback.py:4(Traceback)
        1    0.000    0.000    0.000    0.000 C:\Users\jacob\AppData\Local\Programs\Python\Python311\Lib\__future__.py:81(_Feature)
        1    0.000    0.000    0.000    0.000 C:\Users\jacob\AppData\Local\Programs\Python\Python311\Lib\pathlib.py:147(splitroot)
        2    0.000    0.000    0.000    0.000 C:\Users\jacob\Downloads\Programing\Python\PyBattle\Now\GitHub\Pybattle\pybattle\window\frames\frame.py:167(top_left_corner)
        1    0.000    0.000    0.000    0.000 C:\Users\jacob\AppData\Local\Programs\Python\Python311\Lib\site-packages\colorama\ansi.py:49(AnsiFore)
        1    0.000    0.000    0.000    0.000 C:\Users\jacob\AppData\Local\Programs\Python\Python311\Lib\logging\__init__.py:1076(__init__)
        3    0.000    0.000    0.000    0.000 C:\Users\jacob\AppData\Local\Programs\Python\Python311\Lib\ctypes\__init__.py:504(CFunctionType)
        1    0.000    0.000    0.000    0.000 <frozen importlib._bootstrap>:964(create_module)
        1    0.000    0.000    0.000    0.000 <frozen abc>:121(__subclasscheck__)
        1    0.000    0.000    0.000    0.000 C:\Users\jacob\AppData\Local\Programs\Python\Python311\Lib\enum.py:945(_find_data_repr_)
        1    0.000    0.000    0.000    0.000 C:\Users\jacob\AppData\Local\Programs\Python\Python311\Lib\_weakrefset.py:85(add)
        1    0.000    0.000    0.000    0.000 C:\Users\jacob\AppData\Local\Programs\Python\Python311\Lib\typing.py:465(__or__)
        1    0.000    0.000    0.000    0.000 C:\Users\jacob\AppData\Local\Programs\Python\Python311\Lib\threading.py:1317(_make_invoke_excepthook)
        2    0.000    0.000    0.000    0.000 C:\Users\jacob\AppData\Local\Programs\Python\Python311\Lib\pathlib.py:53(__init__)
        1    0.000    0.000    0.000    0.000 C:\Users\jacob\AppData\Local\Programs\Python\Python311\Lib\pathlib.py:49(_Flavour)
        1    0.000    0.000    0.000    0.000 {method 'translate' of 'str' objects}
        5    0.000    0.000    0.000    0.000 C:\Users\jacob\AppData\Local\Programs\Python\Python311\Lib\enum.py:230(__init__)
        1    0.000    0.000    0.000    0.000 C:\Users\jacob\AppData\Local\Programs\Python\Python311\Lib\site-packages\colorama\ansi.py:36(AnsiCursor)
        1    0.000    0.000    0.000    0.000 C:\Users\jacob\AppData\Local\Programs\Python\Python311\Lib\site-packages\colorama\ansi.py:71(AnsiBack)
        1    0.000    0.000    0.000    0.000 C:\Users\jacob\Downloads\Programing\Python\PyBattle\Now\GitHub\Pybattle\pybattle\debug\errors.py:4(Error)
        4    0.000    0.000    0.000    0.000 {built-in method builtins.any}
        4    0.000    0.000    0.000    0.000 {built-in method sys._getframe}
        1    0.000    0.000    0.000    0.000 C:\Users\jacob\AppData\Local\Programs\Python\Python311\Lib\logging\__init__.py:1378(_fixupParents)
        1    0.000    0.000    0.000    0.000 C:\Users\jacob\AppData\Local\Programs\Python\Python311\Lib\logging\__init__.py:753(Filter)
        1    0.000    0.000    0.000    0.000 C:\Users\jacob\AppData\Local\Programs\Python\Python311\Lib\logging\__init__.py:1152(FileHandler)
        1    0.000    0.000    0.000    0.000 C:\Users\jacob\AppData\Local\Programs\Python\Python311\Lib\logging\__init__.py:1237(_StderrHandler)
        1    0.000    0.000    0.000    0.000 C:\Users\jacob\AppData\Local\Programs\Python\Python311\Lib\logging\__init__.py:2213(NullHandler)
        1    0.000    0.000    0.000    0.000 C:\Users\jacob\AppData\Local\Programs\Python\Python311\Lib\threading.py:264(__enter__)
        1    0.000    0.000    0.000    0.000 C:\Users\jacob\AppData\Local\Programs\Python\Python311\Lib\threading.py:1005(_set_native_id)
        1    0.000    0.000    0.000    0.000 C:\Users\jacob\AppData\Local\Programs\Python\Python311\Lib\threading.py:410(Semaphore)
        1    0.000    0.000    0.000    0.000 C:\Users\jacob\AppData\Local\Programs\Python\Python311\Lib\urllib\parse.py:182(_NetlocResultMixinStr)
        1    0.000    0.000    0.000    0.000 C:\Users\jacob\AppData\Local\Programs\Python\Python311\Lib\urllib\parse.py:795(_Quoter)
        4    0.000    0.000    0.000    0.000 {built-in method _sre.ascii_iscased}
        5    0.000    0.000    0.000    0.000 {method 'clear' of 'dict' objects}
        2    0.000    0.000    0.000    0.000 C:\Users\jacob\AppData\Local\Programs\Python\Python311\Lib\enum.py:1354(<lambda>)
        1    0.000    0.000    0.000    0.000 C:\Users\jacob\AppData\Local\Programs\Python\Python311\Lib\site-packages\colorama\winterm.py:12(WinColor)
        1    0.000    0.000    0.000    0.000 C:\Users\jacob\AppData\Local\Programs\Python\Python311\Lib\ctypes\wintypes.py:97(RECT)
        1    0.000    0.000    0.000    0.000 C:\Users\jacob\AppData\Local\Programs\Python\Python311\Lib\ctypes\wintypes.py:133(MSG)
        1    0.000    0.000    0.000    0.000 C:\Users\jacob\AppData\Local\Programs\Python\Python311\Lib\ctypes\__init__.py:156(py_object)
        1    0.000    0.000    0.000    0.000 C:\Users\jacob\AppData\Local\Programs\Python\Python311\Lib\ctypes\_endian.py:23(_swapped_meta)
        1    0.000    0.000    0.000    0.000 C:\Users\jacob\AppData\Local\Programs\Python\Python311\Lib\traceback.py:613(_ExceptionPrintContext)
        1    0.000    0.000    0.000    0.000 C:\Users\jacob\AppData\Local\Programs\Python\Python311\Lib\logging\__init__.py:790(Filterer)
        2    0.000    0.000    0.000    0.000 {method 'acquire' of '_thread.lock' objects}
        5    0.000    0.000    0.000    0.000 C:\Users\jacob\AppData\Local\Programs\Python\Python311\Lib\enum.py:1125(__init__)
        3    0.000    0.000    0.000    0.000 C:\Users\jacob\AppData\Local\Programs\Python\Python311\Lib\enum.py:1226(value)
        2    0.000    0.000    0.000    0.000 C:\Users\jacob\AppData\Local\Programs\Python\Python311\Lib\ctypes\__init__.py:101(CFunctionType)
        1    0.000    0.000    0.000    0.000 C:\Users\jacob\AppData\Local\Programs\Python\Python311\Lib\ctypes\__init__.py:399(PyDLL)
        1    0.000    0.000    0.000    0.000 C:\Users\jacob\AppData\Local\Programs\Python\Python311\Lib\logging\__init__.py:1786(RootLogger)
        1    0.000    0.000    0.000    0.000 C:\Users\jacob\AppData\Local\Programs\Python\Python311\Lib\ctypes\wintypes.py:20(VARIANT_BOOL)
        1    0.000    0.000    0.000    0.000 C:\Users\jacob\AppData\Local\Programs\Python\Python311\Lib\logging\__init__.py:1323(disable)
        1    0.000    0.000    0.000    0.000 C:\Users\jacob\AppData\Local\Programs\Python\Python311\Lib\urllib\parse.py:212(_NetlocResultMixinBytes)
        1    0.000    0.000    0.000    0.000 C:\Users\jacob\AppData\Local\Programs\Python\Python311\Lib\threading.py:1370(Timer)
        1    0.000    0.000    0.000    0.000 C:\Users\jacob\AppData\Local\Programs\Python\Python311\Lib\urllib\parse.py:127(_ResultMixinStr)
        1    0.000    0.000    0.000    0.000 <frozen importlib._bootstrap_external>:1220(__init__)
        4    0.000    0.000    0.000    0.000 <frozen importlib._bootstrap>:797(is_package)
        4    0.000    0.000    0.000    0.000 {built-in method _sre.ascii_tolower}
        1    0.000    0.000    0.000    0.000 {built-in method nt._path_normpath}
        5    0.000    0.000    0.000    0.000 {method 'release' of '_thread.RLock' objects}
        1    0.000    0.000    0.000    0.000 {method 'disable' of '_lsprof.Profiler' objects}
        1    0.000    0.000    0.000    0.000 C:\Users\jacob\AppData\Local\Programs\Python\Python311\Lib\ctypes\wintypes.py:104(_SMALL_RECT)
        1    0.000    0.000    0.000    0.000 C:\Users\jacob\AppData\Local\Programs\Python\Python311\Lib\ctypes\wintypes.py:120(SIZE)
        1    0.000    0.000    0.000    0.000 C:\Users\jacob\AppData\Local\Programs\Python\Python311\Lib\logging\__init__.py:1261(PlaceHolder)
        1    0.000    0.000    0.000    0.000 C:\Users\jacob\AppData\Local\Programs\Python\Python311\Lib\traceback.py:90(_Sentinel)
        1    0.000    0.000    0.000    0.000 C:\Users\jacob\AppData\Local\Programs\Python\Python311\Lib\pathlib.py:523(_format_parsed_parts)
        1    0.000    0.000    0.000    0.000 C:\Users\jacob\AppData\Local\Programs\Python\Python311\Lib\urllib\parse.py:315(DefragResult)
        1    0.000    0.000    0.000    0.000 C:\Users\jacob\AppData\Local\Programs\Python\Python311\Lib\urllib\parse.py:347(ParseResultBytes)
        1    0.000    0.000    0.000    0.000 C:\Users\jacob\AppData\Local\Programs\Python\Python311\Lib\threading.py:267(__exit__)
        1    0.000    0.000    0.000    0.000 C:\Users\jacob\AppData\Local\Programs\Python\Python311\Lib\threading.py:498(BoundedSemaphore)
        1    0.000    0.000    0.000    0.000 C:\Users\jacob\AppData\Local\Programs\Python\Python311\Lib\pathlib.py:300(_Selector)
        1    0.000    0.000    0.000    0.000 C:\Users\jacob\AppData\Local\Programs\Python\Python311\Lib\pathlib.py:378(_RecursiveWildcardSelector)
        1    0.000    0.000    0.000    0.000 <frozen codecs>:186(__init__)
        1    0.000    0.000    0.000    0.000 {built-in method atexit.register}
        1    0.000    0.000    0.000    0.000 {built-in method _imp.get_frozen_object}
        3    0.000    0.000    0.000    0.000 C:\Users\jacob\Downloads\Programing\Python\PyBattle\Now\GitHub\Pybattle\pybattle\window\frames\frame.py:126(<listcomp>)
        1    0.000    0.000    0.000    0.000 C:\Users\jacob\AppData\Local\Programs\Python\Python311\Lib\site-packages\colorama\ansi.py:93(AnsiStyle)
        1    0.000    0.000    0.000    0.000 C:\Users\jacob\AppData\Local\Programs\Python\Python311\Lib\threading.py:279(_is_owned)
        1    0.000    0.000    0.000    0.000 C:\Users\jacob\AppData\Local\Programs\Python\Python311\Lib\site-packages\colorama\ansi.py:25(AnsiCodes)
        1    0.000    0.000    0.000    0.000 C:\Users\jacob\AppData\Local\Programs\Python\Python311\Lib\ctypes\__init__.py:240(c_char_p)
        1    0.000    0.000    0.000    0.000 C:\Users\jacob\AppData\Local\Programs\Python\Python311\Lib\ctypes\__init__.py:256(c_wchar_p)
        1    0.000    0.000    0.000    0.000 C:\Users\jacob\AppData\Local\Programs\Python\Python311\Lib\ctypes\__init__.py:408(WinDLL)
        1    0.000    0.000    0.000    0.000 C:\Users\jacob\AppData\Local\Programs\Python\Python311\Lib\ctypes\wintypes.py:111(_COORD)
        1    0.000    0.000    0.000    0.000 C:\Users\jacob\AppData\Local\Programs\Python\Python311\Lib\ctypes\_endian.py:48(BigEndianStructure)
        1    0.000    0.000    0.000    0.000 C:\Users\jacob\AppData\Local\Programs\Python\Python311\Lib\ctypes\wintypes.py:115(POINT)
        1    0.000    0.000    0.000    0.000 C:\Users\jacob\AppData\Local\Programs\Python\Python311\Lib\ctypes\wintypes.py:128(FILETIME)
        1    0.000    0.000    0.000    0.000 C:\Users\jacob\AppData\Local\Programs\Python\Python311\Lib\threading.py:1001(_set_ident)
        1    0.000    0.000    0.000    0.000 C:\Users\jacob\AppData\Local\Programs\Python\Python311\Lib\pathlib.py:1391(PosixPath)
        1    0.000    0.000    0.000    0.000 C:\Users\jacob\AppData\Local\Programs\Python\Python311\Lib\urllib\parse.py:334(DefragResultBytes)
        1    0.000    0.000    0.000    0.000 C:\Users\jacob\AppData\Local\Programs\Python\Python311\Lib\pathlib.py:834(PurePosixPath)
        1    0.000    0.000    0.000    0.000 C:\Users\jacob\AppData\Local\Programs\Python\Python311\Lib\urllib\parse.py:135(_ResultMixinBytes)
        2    0.000    0.000    0.000    0.000 {method 'copy' of 'dict' objects}
        1    0.000    0.000    0.000    0.000 C:\Users\jacob\AppData\Local\Programs\Python\Python311\Lib\site-packages\colorama\winterm.py:23(WinStyle)
        2    0.000    0.000    0.000    0.000 C:\Users\jacob\AppData\Local\Programs\Python\Python311\Lib\logging\__init__.py:248(_register_at_fork_reinit_lock)
        1    0.000    0.000    0.000    0.000 <string>:1(<module>)
        1    0.000    0.000    0.000    0.000 C:\Users\jacob\AppData\Local\Programs\Python\Python311\Lib\ctypes\__init__.py:165(c_short)
        1    0.000    0.000    0.000    0.000 C:\Users\jacob\AppData\Local\Programs\Python\Python311\Lib\ctypes\__init__.py:169(c_ushort)
        1    0.000    0.000    0.000    0.000 C:\Users\jacob\AppData\Local\Programs\Python\Python311\Lib\ctypes\__init__.py:194(c_float)
        1    0.000    0.000    0.000    0.000 C:\Users\jacob\AppData\Local\Programs\Python\Python311\Lib\ctypes\__init__.py:223(c_ubyte)
        1    0.000    0.000    0.000    0.000 C:\Users\jacob\AppData\Local\Programs\Python\Python311\Lib\ctypes\__init__.py:417(HRESULT)
        1    0.000    0.000    0.000    0.000 C:\Users\jacob\AppData\Local\Programs\Python\Python311\Lib\ctypes\__init__.py:430(OleDLL)
        1    0.000    0.000    0.000    0.000 C:\Users\jacob\AppData\Local\Programs\Python\Python311\Lib\ctypes\_endian.py:55(BigEndianUnion)
        1    0.000    0.000    0.000    0.000 C:\Users\jacob\AppData\Local\Programs\Python\Python311\Lib\ctypes\_endian.py:34(_swapped_struct_meta)
        1    0.000    0.000    0.000    0.000 C:\Users\jacob\AppData\Local\Programs\Python\Python311\Lib\ctypes\_endian.py:35(_swapped_union_meta)
        1    0.000    0.000    0.000    0.000 C:\Users\jacob\AppData\Local\Programs\Python\Python311\Lib\threading.py:832(<listcomp>)
        1    0.000    0.000    0.000    0.000 C:\Users\jacob\AppData\Local\Programs\Python\Python311\Lib\pathlib.py:325(_TerminatingSelector)
        1    0.000    0.000    0.000    0.000 C:\Users\jacob\AppData\Local\Programs\Python\Python311\Lib\urllib\parse.py:323(SplitResult)
        1    0.000    0.000    0.000    0.000 C:\Users\jacob\AppData\Local\Programs\Python\Python311\Lib\urllib\parse.py:328(ParseResult)
        1    0.000    0.000    0.000    0.000 C:\Users\jacob\AppData\Local\Programs\Python\Python311\Lib\urllib\parse.py:342(SplitResultBytes)
        1    0.000    0.000    0.000    0.000 C:\Users\jacob\AppData\Local\Programs\Python\Python311\Lib\pathlib.py:331(_PreciseSelector)
        1    0.000    0.000    0.000    0.000 C:\Users\jacob\AppData\Local\Programs\Python\Python311\Lib\pathlib.py:844(PureWindowsPath)
        1    0.000    0.000    0.000    0.000 C:\Users\jacob\AppData\Local\Programs\Python\Python311\Lib\pathlib.py:1398(WindowsPath)
        1    0.000    0.000    0.000    0.000 C:\Users\jacob\Downloads\Programing\Python\PyBattle\Now\GitHub\Pybattle\pybattle\debug\errors.py:20(OutOfBoundsError)
        1    0.000    0.000    0.000    0.000 C:\Users\jacob\Downloads\Programing\Python\PyBattle\Now\GitHub\Pybattle\pybattle\debug\errors.py:25(InsufficientArgumentsError)
        2    0.000    0.000    0.000    0.000 <frozen importlib._bootstrap_external>:1363(exec_module)
        1    0.000    0.000    0.000    0.000 {method 'reverse' of 'list' objects}
        1    0.000    0.000    0.000    0.000 {method 'difference_update' of 'set' objects}
        1    0.000    0.000    0.000    0.000 {built-in method builtins.callable}
        1    0.000    0.000    0.000    0.000 C:\Users\jacob\AppData\Local\Programs\Python\Python311\Lib\logging\__init__.py:983(setFormatter)
        1    0.000    0.000    0.000    0.000 C:\Users\jacob\AppData\Local\Programs\Python\Python311\Lib\ctypes\__init__.py:173(c_long)
        1    0.000    0.000    0.000    0.000 C:\Users\jacob\AppData\Local\Programs\Python\Python311\Lib\ctypes\__init__.py:177(c_ulong)
        1    0.000    0.000    0.000    0.000 C:\Users\jacob\AppData\Local\Programs\Python\Python311\Lib\ctypes\__init__.py:198(c_double)
        1    0.000    0.000    0.000    0.000 C:\Users\jacob\AppData\Local\Programs\Python\Python311\Lib\ctypes\__init__.py:202(c_longdouble)
        1    0.000    0.000    0.000    0.000 C:\Users\jacob\AppData\Local\Programs\Python\Python311\Lib\ctypes\__init__.py:216(c_ulonglong)
        1    0.000    0.000    0.000    0.000 C:\Users\jacob\AppData\Local\Programs\Python\Python311\Lib\ctypes\__init__.py:230(c_byte)
        1    0.000    0.000    0.000    0.000 C:\Users\jacob\AppData\Local\Programs\Python\Python311\Lib\ctypes\__init__.py:235(c_char)
        1    0.000    0.000    0.000    0.000 C:\Users\jacob\AppData\Local\Programs\Python\Python311\Lib\ctypes\__init__.py:246(c_void_p)
        1    0.000    0.000    0.000    0.000 C:\Users\jacob\AppData\Local\Programs\Python\Python311\Lib\ctypes\__init__.py:251(c_bool)
        1    0.000    0.000    0.000    0.000 C:\Users\jacob\AppData\Local\Programs\Python\Python311\Lib\ctypes\__init__.py:261(c_wchar)
        1    0.000    0.000    0.000    0.000 C:\Users\jacob\AppData\Local\Programs\Python\Python311\Lib\threading.py:1199(daemon)
        1    0.000    0.000    0.000    0.000 C:\Users\jacob\AppData\Local\Programs\Python\Python311\Lib\threading.py:798(BrokenBarrierError)
        1    0.000    0.000    0.000    0.000 C:\Users\jacob\AppData\Local\Programs\Python\Python311\Lib\threading.py:1400(_MainThread)
        1    0.000    0.000    0.000    0.000 C:\Users\jacob\AppData\Local\Programs\Python\Python311\Lib\pathlib.py:347(_WildcardSelector)
        1    0.000    0.000    0.000    0.000 C:\Users\jacob\Downloads\Programing\Python\PyBattle\Now\GitHub\Pybattle\pybattle\debug\errors.py:30(InvalidMethodError)
        1    0.000    0.000    0.000    0.000 {method '__enter__' of '_thread.lock' objects}
        1    0.000    0.000    0.000    0.000 {method '__exit__' of '_thread.RLock' objects}
        1    0.000    0.000    0.000    0.000 {built-in method _thread.get_native_id}
        1    0.000    0.000    0.000    0.000 {built-in method io.text_encoding}
        1    0.000    0.000    0.000    0.000 C:\Users\jacob\Downloads\Programing\Python\PyBattle\Now\GitHub\Pybattle\pybattle\__init__.py:1(<module>)
        1    0.000    0.000    0.000    0.000 C:\Users\jacob\Downloads\Programing\Python\PyBattle\Now\GitHub\Pybattle\pybattle\window\__init__.py:1(<module>)
        1    0.000    0.000    0.000    0.000 C:\Users\jacob\Downloads\Programing\Python\PyBattle\Now\GitHub\Pybattle\pybattle\window\frames\__init__.py:1(<module>)
        1    0.000    0.000    0.000    0.000 C:\Users\jacob\Downloads\Programing\Python\PyBattle\Now\GitHub\Pybattle\pybattle\ansi\__init__.py:1(<module>)
        1    0.000    0.000    0.000    0.000 C:\Users\jacob\AppData\Local\Programs\Python\Python311\Lib\ctypes\__init__.py:212(c_longlong)
        1    0.000    0.000    0.000    0.000 C:\Users\jacob\AppData\Local\Programs\Python\Python311\Lib\urllib\__init__.py:1(<module>)
        1    0.000    0.000    0.000    0.000 {method 'bit_length' of 'int' objects}
        1    0.000    0.000    0.000    0.000 {method '__init_subclass__' of 'object' objects}


