Traceback (most recent call last):
DEBUG at 21:23:34,38: [[─,─,─,─],
 [, , , ],
 [, , , ]]
Traceback (most recent call last):
DEBUG at 21:23:34,38: [[╭,─,─,╮],
 [│, , ,│],
 [╰,─,─,╯]]
Traceback (most recent call last):
DEBUG at 21:23:34,38: [[╭,─,╭,─,─,╮,─,─,╮],
 [│, ,│, , ,│, , ,│],
 [│, ,╰,─,─,╯, , ,│],
 [╰,─,─,─,─,─,─,─,╯]]
Traceback (most recent call last):
DEBUG at 21:23:34,38: ({<Direction.LEFT: 2>: <Thickness.THIN: 0>, <Direction.RIGHT: 3>: <Thickness.THIN: 0>}, Coord(y=0, x=3))
Traceback (most recent call last):
DEBUG at 21:23:34,38: ({<Direction.LEFT: 2>: <Thickness.THIN: 0>, <Direction.RIGHT: 3>: <Thickness.THIN: 0>}, Coord(y=0, x=4))
Traceback (most recent call last):
DEBUG at 21:23:34,38: ({<Direction.LEFT: 2>: <Thickness.THIN: 0>, <Direction.RIGHT: 3>: <Thickness.THIN: 0>, <Direction.DOWN: 1>: <Thickness.THIN: 0>}, Coord(y=0, x=5))
Traceback (most recent call last):
DEBUG at 21:23:34,38: ({<Direction.LEFT: 2>: <Thickness.THIN: 0>, <Direction.RIGHT: 3>: <Thickness.THIN: 0>, <Direction.DOWN: 1>: <Thickness.THIN: 0>}, Coord(y=0, x=2))
Traceback (most recent call last):
DEBUG at 21:23:34,38: [[╭,─,┬,─,─,┬,─,─,╮],
 [│, ,│, , ,│, , ,│],
 [│, ,╰,─,─,╯, , ,│],
 [╰,─,─,─,─,─,─,─,╯]]
Traceback (most recent call last):
DEBUG at 21:23:34,38: [[─,─,─,─],
 [, , , ],
 [, , , ]]
Traceback (most recent call last):
DEBUG at 21:23:34,38: [[┬,─,─,┬],
 [│, , ,│],
 [╰,─,─,╯]]
Traceback (most recent call last):
DEBUG at 21:23:34,38: [[╭,─,┬,─,─,┬,─,─,╮],
 [│, ,│, , ,│, , ,│],
 [│, ,╰,─,─,╯, , ,│],
 [╰,─,─,─,─,─,─,─,╯]]
Traceback (most recent call last):
DEBUG at 21:23:34,38: ({<Direction.LEFT: 2>: <Thickness.THIN: 0>, <Direction.RIGHT: 3>: <Thickness.THIN: 0>}, Coord(y=0, x=3))
Traceback (most recent call last):
DEBUG at 21:23:34,38: ({<Direction.LEFT: 2>: <Thickness.THIN: 0>, <Direction.RIGHT: 3>: <Thickness.THIN: 0>}, Coord(y=0, x=4))
Traceback (most recent call last):
DEBUG at 21:23:34,38: ({<Direction.LEFT: 2>: <Thickness.THIN: 0>, <Direction.RIGHT: 3>: <Thickness.THIN: 0>, <Direction.DOWN: 1>: <Thickness.THIN: 0>}, Coord(y=0, x=5))
Traceback (most recent call last):
DEBUG at 21:23:34,38: ({<Direction.LEFT: 2>: <Thickness.THIN: 0>, <Direction.RIGHT: 3>: <Thickness.THIN: 0>, <Direction.DOWN: 1>: <Thickness.THIN: 0>}, Coord(y=0, x=2))
Traceback (most recent call last):
DEBUG at 21:23:34,38: [[╭,─,┬,─,─,┬,─,─,╮],
 [│, ,│, , ,│, , ,│],
 [│, ,╰,─,─,╯, , ,│],
 [╰,─,─,─,─,─,─,─,╯]]
