Ran pybattle\window\text\grid\matrix.py in 5.78536 seconds...
 Calls    Time  CumTime

3000226 1.20564 1.77315 c:\users\jacob\downloads\programming\python\pybattle\github\pybattle\window\text\grid\coord.py:20 (coords)
  - 1000000 0.45427 1.62158 c:\users\jacob\downloads\programming\python\pybattle\github\pybattle\window\text\grid\coord.py:63 (__eq__)
  - 1000225 0.35252 0.95835 c:\users\jacob\downloads\programming\python\pybattle\github\pybattle\window\text\grid\coord.py:76 (__hash__)
  - 0000001 0.00000 0.00000 c:\users\jacob\downloads\programming\python\pybattle\github\pybattle\window\text\grid\coord.py:52 (__iter__)
2000230 0.97144 2.07786 c:\users\jacob\downloads\programming\python\pybattle\github\pybattle\window\text\grid\coord.py:16 (__init__)
    - 0000001 0.00001 0.00051 c:\users\jacob\downloads\programming\python\pybattle\github\pybattle\window\text\grid\range.py:8 (rect_range)
  - 0000001 0.00001 0.00051 c:\users\jacob\downloads\programming\python\pybattle\github\pybattle\window\text\grid\range.py:8 (rect_range)
  - 0000003 0.00000 0.00001 c:\users\jacob\downloads\programming\python\pybattle\github\pybattle\window\text\grid\size.py:34 (__init__)
    - 0000001 0.00001 0.00003 c:\users\jacob\downloads\programming\python\pybattle\github\pybattle\window\text\grid\size.py:26 (from_list)
    - 0000001 0.00000 0.00000 c:\users\jacob\downloads\programming\python\pybattle\github\pybattle\window\text\grid\coord.py:59 (__sub__)
      - 0000001 0.00000 0.00001 c:\users\jacob\downloads\programming\python\pybattle\github\pybattle\window\text\grid\size.py:57 (i)
  - 0000001 0.00000 0.00001 c:\users\jacob\downloads\programming\python\pybattle\github\pybattle\window\text\grid\size.py:57 (i)
1000000 0.76270 1.08019 c:\Users\jacob\Downloads\Programming\Python\Pybattle\Github\pybattle\window\text\grid\matrix.py:457 (__getitem__)
2000230 0.58038 0.58038 c:\users\jacob\downloads\programming\python\pybattle\github\pybattle\window\text\grid\coord.py:37 (y)
  - 2000230 0.97144 2.07786 c:\users\jacob\downloads\programming\python\pybattle\github\pybattle\window\text\grid\coord.py:16 (__init__)
      - 0000001 0.00001 0.00051 c:\users\jacob\downloads\programming\python\pybattle\github\pybattle\window\text\grid\range.py:8 (rect_range)
    - 0000001 0.00001 0.00051 c:\users\jacob\downloads\programming\python\pybattle\github\pybattle\window\text\grid\range.py:8 (rect_range)
    - 0000003 0.00000 0.00001 c:\users\jacob\downloads\programming\python\pybattle\github\pybattle\window\text\grid\size.py:34 (__init__)
      - 0000001 0.00001 0.00003 c:\users\jacob\downloads\programming\python\pybattle\github\pybattle\window\text\grid\size.py:26 (from_list)
      - 0000001 0.00000 0.00000 c:\users\jacob\downloads\programming\python\pybattle\github\pybattle\window\text\grid\coord.py:59 (__sub__)
        - 0000001 0.00000 0.00001 c:\users\jacob\downloads\programming\python\pybattle\github\pybattle\window\text\grid\size.py:57 (i)
    - 0000001 0.00000 0.00001 c:\users\jacob\downloads\programming\python\pybattle\github\pybattle\window\text\grid\size.py:57 (i)
2000230 0.52605 0.52605 c:\users\jacob\downloads\programming\python\pybattle\github\pybattle\window\text\grid\coord.py:29 (x)
  - 2000230 0.97144 2.07786 c:\users\jacob\downloads\programming\python\pybattle\github\pybattle\window\text\grid\coord.py:16 (__init__)
      - 0000001 0.00001 0.00051 c:\users\jacob\downloads\programming\python\pybattle\github\pybattle\window\text\grid\range.py:8 (rect_range)
    - 0000001 0.00001 0.00051 c:\users\jacob\downloads\programming\python\pybattle\github\pybattle\window\text\grid\range.py:8 (rect_range)
    - 0000003 0.00000 0.00001 c:\users\jacob\downloads\programming\python\pybattle\github\pybattle\window\text\grid\size.py:34 (__init__)
      - 0000001 0.00001 0.00003 c:\users\jacob\downloads\programming\python\pybattle\github\pybattle\window\text\grid\size.py:26 (from_list)
      - 0000001 0.00000 0.00000 c:\users\jacob\downloads\programming\python\pybattle\github\pybattle\window\text\grid\coord.py:59 (__sub__)
        - 0000001 0.00000 0.00001 c:\users\jacob\downloads\programming\python\pybattle\github\pybattle\window\text\grid\size.py:57 (i)
    - 0000001 0.00000 0.00001 c:\users\jacob\downloads\programming\python\pybattle\github\pybattle\window\text\grid\size.py:57 (i)
1000000 0.45427 1.62158 c:\users\jacob\downloads\programming\python\pybattle\github\pybattle\window\text\grid\coord.py:63 (__eq__)
4000483 0.38716 0.38716 c:\users\jacob\downloads\programming\python\pybattle\github\pybattle\window\text\grid\coord.py:25 (x)
  - 3000226 1.20564 1.77315 c:\users\jacob\downloads\programming\python\pybattle\github\pybattle\window\text\grid\coord.py:20 (coords)
    - 1000000 0.45427 1.62158 c:\users\jacob\downloads\programming\python\pybattle\github\pybattle\window\text\grid\coord.py:63 (__eq__)
    - 1000225 0.35252 0.95835 c:\users\jacob\downloads\programming\python\pybattle\github\pybattle\window\text\grid\coord.py:76 (__hash__)
    - 0000001 0.00000 0.00000 c:\users\jacob\downloads\programming\python\pybattle\github\pybattle\window\text\grid\coord.py:52 (__iter__)
  - 1000000 0.76270 1.08019 c:\Users\jacob\Downloads\Programming\Python\Pybattle\Github\pybattle\window\text\grid\matrix.py:457 (__getitem__)
  - 0000225 0.00018 0.00024 c:\users\jacob\downloads\programming\python\pybattle\github\pybattle\window\text\grid\coord.py:73 (__repr__)
    - 0000001 0.00001 0.00051 c:\users\jacob\downloads\programming\python\pybattle\github\pybattle\window\text\grid\range.py:8 (rect_range)
  - 0000001 0.00000 0.00000 c:\users\jacob\downloads\programming\python\pybattle\github\pybattle\window\text\grid\coord.py:59 (__sub__)
    - 0000001 0.00000 0.00001 c:\users\jacob\downloads\programming\python\pybattle\github\pybattle\window\text\grid\size.py:57 (i)
4000455 0.38507 0.38507 c:\users\jacob\downloads\programming\python\pybattle\github\pybattle\window\text\grid\coord.py:33 (y)
  - 3000226 1.20564 1.77315 c:\users\jacob\downloads\programming\python\pybattle\github\pybattle\window\text\grid\coord.py:20 (coords)
    - 1000000 0.45427 1.62158 c:\users\jacob\downloads\programming\python\pybattle\github\pybattle\window\text\grid\coord.py:63 (__eq__)
    - 1000225 0.35252 0.95835 c:\users\jacob\downloads\programming\python\pybattle\github\pybattle\window\text\grid\coord.py:76 (__hash__)
    - 0000001 0.00000 0.00000 c:\users\jacob\downloads\programming\python\pybattle\github\pybattle\window\text\grid\coord.py:52 (__iter__)
  - 1000000 0.76270 1.08019 c:\Users\jacob\Downloads\Programming\Python\Pybattle\Github\pybattle\window\text\grid\matrix.py:457 (__getitem__)
  - 0000225 0.00018 0.00024 c:\users\jacob\downloads\programming\python\pybattle\github\pybattle\window\text\grid\coord.py:73 (__repr__)
  - 0000001 0.00001 0.00051 c:\users\jacob\downloads\programming\python\pybattle\github\pybattle\window\text\grid\range.py:8 (rect_range)
  - 0000001 0.00000 0.00000 c:\users\jacob\downloads\programming\python\pybattle\github\pybattle\window\text\grid\coord.py:59 (__sub__)
    - 0000001 0.00000 0.00001 c:\users\jacob\downloads\programming\python\pybattle\github\pybattle\window\text\grid\size.py:57 (i)
1000225 0.35252 0.95835 c:\users\jacob\downloads\programming\python\pybattle\github\pybattle\window\text\grid\coord.py:76 (__hash__)
  - 1000000 0.76270 1.08019 c:\Users\jacob\Downloads\Programming\Python\Pybattle\Github\pybattle\window\text\grid\matrix.py:457 (__getitem__)
0000225 0.00018 0.00024 c:\users\jacob\downloads\programming\python\pybattle\github\pybattle\window\text\grid\coord.py:73 (__repr__)
  - 0000001 0.00001 0.00051 c:\users\jacob\downloads\programming\python\pybattle\github\pybattle\window\text\grid\range.py:8 (rect_range)
    - 0000001 0.00001 0.00020 c:\users\jacob\downloads\programming\python\pybattle\github\pybattle\log\log.py:113 (_create_logger)
0000016 0.00012 0.00012 c:\users\jacob\downloads\programming\python\pybattle\github\pybattle\types_.py:92 (flatten)
0000225 0.00010 0.00014 c:\Users\jacob\Downloads\Programming\Python\Pybattle\Github\pybattle\window\text\grid\matrix.py:55 (__repr__)
0000225 0.00010 0.00012 c:\Users\jacob\Downloads\Programming\Python\Pybattle\Github\pybattle\window\text\grid\matrix.py:31 (__init__)
  - 0000225 0.00010 0.00014 c:\Users\jacob\Downloads\Programming\Python\Pybattle\Github\pybattle\window\text\grid\matrix.py:55 (__repr__)
  - 0000225 0.00010 0.00012 c:\Users\jacob\Downloads\Programming\Python\Pybattle\Github\pybattle\window\text\grid\matrix.py:31 (__init__)
0000016 0.00002 0.00002 c:\users\jacob\downloads\programming\python\pybattle\github\pybattle\ansi\ansi.py:20 (__init__)
  - 0000001 0.00001 0.00020 c:\users\jacob\downloads\programming\python\pybattle\github\pybattle\log\log.py:113 (_create_logger)
          - 0000001 0.00001 0.00020 c:\users\jacob\downloads\programming\python\pybattle\github\pybattle\log\log.py:113 (_create_logger)
0000001 0.00001 0.00020 c:\users\jacob\downloads\programming\python\pybattle\github\pybattle\log\log.py:113 (_create_logger)
  - 0000001 0.00001 0.00020 c:\users\jacob\downloads\programming\python\pybattle\github\pybattle\log\log.py:113 (_create_logger)
  - 0000001 0.00000 0.00001 c:\users\jacob\downloads\programming\python\pybattle\github\pybattle\log\log.py:38 (__init__)
    - 0000001 0.00001 0.00020 c:\users\jacob\downloads\programming\python\pybattle\github\pybattle\log\log.py:113 (_create_logger)
    - 0000001 0.00001 0.00020 c:\users\jacob\downloads\programming\python\pybattle\github\pybattle\log\log.py:113 (_create_logger)
        - 0000001 0.00001 0.00020 c:\users\jacob\downloads\programming\python\pybattle\github\pybattle\log\log.py:113 (_create_logger)
      - 0000001 0.00001 0.00020 c:\users\jacob\downloads\programming\python\pybattle\github\pybattle\log\log.py:113 (_create_logger)
          - 0000001 0.00001 0.00020 c:\users\jacob\downloads\programming\python\pybattle\github\pybattle\log\log.py:113 (_create_logger)
    - 0000001 0.00001 0.00020 c:\users\jacob\downloads\programming\python\pybattle\github\pybattle\log\log.py:113 (_create_logger)
        - 0000001 0.00001 0.00020 c:\users\jacob\downloads\programming\python\pybattle\github\pybattle\log\log.py:113 (_create_logger)
0000001 0.00001 0.00002 c:\users\jacob\downloads\programming\python\pybattle\github\pybattle\types_.py:78 (nested_len)
  - 0000001 0.00001 0.00003 c:\users\jacob\downloads\programming\python\pybattle\github\pybattle\window\text\grid\size.py:26 (from_list)
0000001 0.00001 0.00051 c:\users\jacob\downloads\programming\python\pybattle\github\pybattle\window\text\grid\range.py:8 (rect_range)
0000001 0.00001 0.00003 c:\users\jacob\downloads\programming\python\pybattle\github\pybattle\window\text\grid\size.py:26 (from_list)
0000001 0.00000 0.00000 c:\Users\jacob\Downloads\Programming\Python\Pybattle\Github\pybattle\window\text\grid\matrix.py:431 (__init__)
0000001 0.00000 0.00001 c:\users\jacob\downloads\programming\python\pybattle\github\pybattle\log\log.py:38 (__init__)
  - 0000001 0.00001 0.00020 c:\users\jacob\downloads\programming\python\pybattle\github\pybattle\log\log.py:113 (_create_logger)
0000001 0.00000 0.00000 c:\users\jacob\downloads\programming\python\pybattle\github\pybattle\log\log.py:98 (__init__)
  - 0000001 0.00001 0.00020 c:\users\jacob\downloads\programming\python\pybattle\github\pybattle\log\log.py:113 (_create_logger)
0000003 0.00000 0.00000 c:\Users\jacob\Downloads\Programming\Python\Pybattle\Github\pybattle\window\text\grid\matrix.py:125 (cache_change_property)
  - 0000001 0.00001 0.00020 c:\users\jacob\downloads\programming\python\pybattle\github\pybattle\log\log.py:113 (_create_logger)
  - 0000001 0.00000 0.00000 c:\users\jacob\downloads\programming\python\pybattle\github\pybattle\log\log.py:98 (__init__)
    - 0000001 0.00001 0.00020 c:\users\jacob\downloads\programming\python\pybattle\github\pybattle\log\log.py:113 (_create_logger)
0000016 0.00000 0.00000 c:\users\jacob\downloads\programming\python\pybattle\github\pybattle\ansi\colors.py:13 (__init__)
          - 0000001 0.00001 0.00020 c:\users\jacob\downloads\programming\python\pybattle\github\pybattle\log\log.py:113 (_create_logger)
  - 0000016 0.00002 0.00002 c:\users\jacob\downloads\programming\python\pybattle\github\pybattle\ansi\ansi.py:20 (__init__)
    - 0000001 0.00001 0.00020 c:\users\jacob\downloads\programming\python\pybattle\github\pybattle\log\log.py:113 (_create_logger)
    - 0000001 0.00000 0.00001 c:\users\jacob\downloads\programming\python\pybattle\github\pybattle\log\log.py:38 (__init__)
      - 0000001 0.00001 0.00020 c:\users\jacob\downloads\programming\python\pybattle\github\pybattle\log\log.py:113 (_create_logger)
        - 0000001 0.00001 0.00020 c:\users\jacob\downloads\programming\python\pybattle\github\pybattle\log\log.py:113 (_create_logger)
  - 0000001 0.00001 0.00020 c:\users\jacob\downloads\programming\python\pybattle\github\pybattle\log\log.py:113 (_create_logger)
    - 0000001 0.00001 0.00020 c:\users\jacob\downloads\programming\python\pybattle\github\pybattle\log\log.py:113 (_create_logger)
    - 0000001 0.00000 0.00001 c:\users\jacob\downloads\programming\python\pybattle\github\pybattle\log\log.py:38 (__init__)
      - 0000001 0.00001 0.00020 c:\users\jacob\downloads\programming\python\pybattle\github\pybattle\log\log.py:113 (_create_logger)
        - 0000001 0.00001 0.00020 c:\users\jacob\downloads\programming\python\pybattle\github\pybattle\log\log.py:113 (_create_logger)
          - 0000001 0.00001 0.00020 c:\users\jacob\downloads\programming\python\pybattle\github\pybattle\log\log.py:113 (_create_logger)
    - 0000001 0.00001 0.00020 c:\users\jacob\downloads\programming\python\pybattle\github\pybattle\log\log.py:113 (_create_logger)
  - 0000001 0.00001 0.00020 c:\users\jacob\downloads\programming\python\pybattle\github\pybattle\log\log.py:113 (_create_logger)
0000001 0.00000 0.00000 c:\users\jacob\downloads\programming\python\pybattle\github\pybattle\types_.py:73 (is_nested)
  - 0000001 0.00001 0.00002 c:\users\jacob\downloads\programming\python\pybattle\github\pybattle\types_.py:78 (nested_len)
    - 0000001 0.00001 0.00003 c:\users\jacob\downloads\programming\python\pybattle\github\pybattle\window\text\grid\size.py:26 (from_list)
  - 0000001 0.00001 0.00002 c:\users\jacob\downloads\programming\python\pybattle\github\pybattle\types_.py:78 (nested_len)
    - 0000001 0.00001 0.00003 c:\users\jacob\downloads\programming\python\pybattle\github\pybattle\window\text\grid\size.py:26 (from_list)
0000001 0.00000 0.00000 c:\users\jacob\downloads\programming\python\pybattle\github\pybattle\window\text\grid\coord.py:52 (__iter__)
0000003 0.00000 0.00001 c:\users\jacob\downloads\programming\python\pybattle\github\pybattle\window\text\grid\size.py:34 (__init__)
  - 0000001 0.00001 0.00003 c:\users\jacob\downloads\programming\python\pybattle\github\pybattle\window\text\grid\size.py:26 (from_list)
  - 0000001 0.00000 0.00000 c:\users\jacob\downloads\programming\python\pybattle\github\pybattle\window\text\grid\coord.py:59 (__sub__)
    - 0000001 0.00000 0.00001 c:\users\jacob\downloads\programming\python\pybattle\github\pybattle\window\text\grid\size.py:57 (i)
0000001 0.00000 0.00000 c:\users\jacob\downloads\programming\python\pybattle\github\pybattle\window\text\grid\coord.py:59 (__sub__)
  - 0000001 0.00000 0.00001 c:\users\jacob\downloads\programming\python\pybattle\github\pybattle\window\text\grid\size.py:57 (i)
0000001 0.00000 0.00001 c:\users\jacob\downloads\programming\python\pybattle\github\pybattle\window\text\grid\size.py:57 (i)
    - 0000001 0.00001 0.00020 c:\users\jacob\downloads\programming\python\pybattle\github\pybattle\log\log.py:113 (_create_logger)
      - 0000001 0.00001 0.00020 c:\users\jacob\downloads\programming\python\pybattle\github\pybattle\log\log.py:113 (_create_logger)
      - 0000001 0.00001 0.00020 c:\users\jacob\downloads\programming\python\pybattle\github\pybattle\log\log.py:113 (_create_logger)
